<?xml version="1.0" encoding="UTF-8"?>
<!-- Generated by org.testng.reporters.JUnitXMLReporter -->
<testsuite hostname="Prashant" ignored="0" name="Default test" tests="3" failures="0" timestamp="03 Apr 2019 05:34:14 GMT" time="41.873" errors="0">
  <testcase name="loginTest" time="11.87" classname="com.uiFramework.companyName.projectName.testScripts.loginPage.LoginTestWithDataDrivenApproach"/>
  <testcase name="loginTest" time="8.351" classname="com.uiFramework.companyName.projectName.testScripts.loginPage.LoginTestWithDataDrivenApproach"/>
  <testcase name="loginTest" time="0.0" classname="com.uiFramework.companyName.projectName.testScripts.loginPage.LoginTestWithDataDrivenApproach">
    <skipped/>
  </testcase> <!-- loginTest -->
</testsuite> <!-- Default test -->
