<?xml version="1.0" encoding="UTF-8"?>
<!-- Generated by org.testng.reporters.JUnitXMLReporter -->
<testsuite hostname="Prashant" ignored="0" name="B" tests="1" failures="1" timestamp="06 Apr 2019 12:46:14 GMT" time="11.674" errors="0">
  <testcase name="testLoginB" time="0.005" classname="com.uiFramework.B">
    <failure type="java.lang.AssertionError" message="expected [true] but found [false]">
      <![CDATA[java.lang.AssertionError: expected [true] but found [false]at com.uiFramework.B.testLoginB(B.java:20)... Removed 38 stack frames]]>
    </failure>
  </testcase> <!-- testLoginB -->
</testsuite> <!-- B -->
