<?xml version="1.0" encoding="UTF-8"?>
<!-- Generated by org.testng.reporters.JUnitXMLReporter -->
<testsuite hostname="Prashant" ignored="0" name="C" tests="1" failures="1" timestamp="06 Apr 2019 12:46:27 GMT" time="12.433" errors="0">
  <testcase name="testLoginC" time="0.001" classname="com.uiFramework.C">
    <failure type="java.lang.AssertionError" message="expected [true] but found [false]">
      <![CDATA[java.lang.AssertionError: expected [true] but found [false]at com.uiFramework.C.testLoginC(C.java:15)... Removed 38 stack frames]]>
    </failure>
  </testcase> <!-- testLoginC -->
</testsuite> <!-- C -->
