<?xml version="1.0" encoding="UTF-8"?>
<!-- Generated by org.testng.reporters.JUnitXMLReporter -->
<testsuite hostname="Prashant" ignored="2" name="Test" tests="8" failures="4" timestamp="18 Mar 2019 05:11:07 GMT" time="11.001" errors="0">
  <testcase name="testLogin" time="0.021" classname="com.uiFramework.companyName.projectName.testScripts.Test1"/>
  <testcase name="testLogin1" time="0.005" classname="com.uiFramework.companyName.projectName.testScripts.Test1">
    <failure type="java.lang.AssertionError" message="expected [true] but found [false]">
      <![CDATA[java.lang.AssertionError: expected [true] but found [false]at com.uiFramework.companyName.projectName.helper.assertion.AssertionHelper.makeFalse(AssertionHelper.java:29)at com.uiFramework.companyName.projectName.testScripts.Test1.testLogin1(Test1.java:16)... Removed 29 stack frames]]>
    </failure>
  </testcase> <!-- testLogin1 -->
  <testcase name="testLogin2" time="0.01" classname="com.uiFramework.companyName.projectName.testScripts.Test1"/>
  <testcase name="testLogin3" time="0.0" classname="com.uiFramework.companyName.projectName.testScripts.Test1">
    <failure type="java.lang.AssertionError" message="expected [true] but found [false]">
      <![CDATA[java.lang.AssertionError: expected [true] but found [false]at com.uiFramework.companyName.projectName.helper.assertion.AssertionHelper.makeFalse(AssertionHelper.java:29)at com.uiFramework.companyName.projectName.testScripts.Test1.testLogin3(Test1.java:26)... Removed 29 stack frames]]>
    </failure>
  </testcase> <!-- testLogin3 -->
  <testcase name="testLogin" time="0.005" classname="com.uiFramework.companyName.projectName.testScripts.Test2"/>
  <testcase name="testLogin1" time="0.0" classname="com.uiFramework.companyName.projectName.testScripts.Test2">
    <failure type="java.lang.AssertionError" message="expected [true] but found [false]">
      <![CDATA[java.lang.AssertionError: expected [true] but found [false]at com.uiFramework.companyName.projectName.helper.assertion.AssertionHelper.makeFalse(AssertionHelper.java:29)at com.uiFramework.companyName.projectName.testScripts.Test2.testLogin1(Test2.java:16)... Removed 29 stack frames]]>
    </failure>
  </testcase> <!-- testLogin1 -->
  <testcase name="testLogin2" time="0.005" classname="com.uiFramework.companyName.projectName.testScripts.Test2"/>
  <testcase name="testLogin3" time="0.005" classname="com.uiFramework.companyName.projectName.testScripts.Test2">
    <failure type="java.lang.AssertionError" message="expected [true] but found [false]">
      <![CDATA[java.lang.AssertionError: expected [true] but found [false]at com.uiFramework.companyName.projectName.helper.assertion.AssertionHelper.makeFalse(AssertionHelper.java:29)at com.uiFramework.companyName.projectName.testScripts.Test2.testLogin3(Test2.java:26)... Removed 29 stack frames]]>
    </failure>
  </testcase> <!-- testLogin3 -->
  <testcase name="@BeforeSuite beforeSuite" time="0.0" classname="com.uiFramework.companyName.projectName.testBase.TestBase">
    <ignored/>
  </testcase> <!-- @BeforeSuite beforeSuite -->
  <testcase name="@BeforeTest beforeTest" time="0.0" classname="com.uiFramework.companyName.projectName.testBase.TestBase">
    <ignored/>
  </testcase> <!-- @BeforeTest beforeTest -->
</testsuite> <!-- Test -->
