<?xml version="1.0" encoding="UTF-8"?>
<!-- Generated by org.testng.reporters.JUnitXMLReporter -->
<testsuite hostname="Prashant" ignored="0" name="VerifyLowestFirstPriceFilter" tests="1" failures="1" timestamp="01 Apr 2019 06:16:58 GMT" time="33.696" errors="0">
  <testcase name="verifyLowestFirstPriceListInProduct_detailsPage" time="25.099" classname="com.uiFramework.companyName.projectName.testScripts.productDetailsPage.VerifyLowestFirstPriceFilter">
    <failure type="java.lang.AssertionError" message="expected [true] but found [false]">
      <![CDATA[java.lang.AssertionError: expected [true] but found [false]at com.uiFramework.companyName.projectName.helper.assertion.AssertionHelper.fail(AssertionHelper.java:56)at com.uiFramework.companyName.projectName.helper.assertion.AssertionHelper.updateTestStatus(AssertionHelper.java:70)at com.uiFramework.companyName.projectName.testScripts.productDetailsPage.VerifyLowestFirstPriceFilter.verifyLowestFirstPriceListInProduct_detailsPage(VerifyLowestFirstPriceFilter.java:40)... Removed 29 stack frames]]>
    </failure>
  </testcase> <!-- verifyLowestFirstPriceListInProduct_detailsPage -->
</testsuite> <!-- VerifyLowestFirstPriceFilter -->
