<?xml version="1.0" encoding="UTF-8"?>
<!-- Generated by org.testng.reporters.JUnitXMLReporter -->
<testsuite hostname="Prashant" ignored="0" name="B" tests="1" failures="1" timestamp="18 Mar 2019 05:51:26 GMT" time="9.56" errors="0">
  <testcase name="testLoginB" time="0.0" classname="com.uiFramework.B">
    <failure type="java.lang.AssertionError" message="expected [true] but found [false]">
      <![CDATA[java.lang.AssertionError: expected [true] but found [false]at com.uiFramework.B.testLoginB(B.java:20)... Removed 29 stack frames]]>
    </failure>
  </testcase> <!-- testLoginB -->
</testsuite> <!-- B -->
