<?xml version="1.0" encoding="UTF-8"?>
<!-- Generated by org.testng.reporters.JUnitXMLReporter -->
<testsuite hostname="Prashant" ignored="0" name="ThirdTest" tests="1" failures="1" timestamp="18 Mar 2019 04:42:51 GMT" time="0.015" errors="0">
  <testcase name="testLoginC" time="0.005" classname="com.uiFramework.C">
    <failure type="java.lang.AssertionError" message="expected [true] but found [false]">
      <![CDATA[java.lang.AssertionError: expected [true] but found [false]at com.uiFramework.C.testLoginC(C.java:13)... Removed 29 stack frames]]>
    </failure>
  </testcase> <!-- testLoginC -->
</testsuite> <!-- ThirdTest -->
