<?xml version="1.0" encoding="UTF-8"?>
<testsuite name="TestSuite" time="79.69" tests="3" errors="0" skipped="0" failures="1">
  <properties>
[...]
</properties>
  <testcase name="testLoginToApplication" classname="com.uiFramework.companyName.projectName.testScripts.loginPage.LoginTest" time="17.204"/>
  <testcase name="testLoginToApplication" classname="com.uiFramework.companyName.projectName.testScripts.registration.RegistrationTest" time="36.798"/>
  <testcase name="verifyLowestFirstPriceListInProduct_detailsPage" classname="com.uiFramework.companyName.projectName.testScripts.productDetailsPage.VerifyLowestFirstPriceFilter" time="25.688">
    <failure message="expected [true] but found [false]" type="java.lang.AssertionError">java.lang.AssertionError: expected [true] but found [false]
	at org.testng.Assert.fail(Assert.java:96)
	at org.testng.Assert.failNotEquals(Assert.java:776)
	at org.testng.Assert.assertTrue(Assert.java:44)
	at org.testng.Assert.assertTrue(Assert.java:54)
	at com.uiFramework.companyName.projectName.helper.assertion.AssertionHelper.fail(AssertionHelper.java:56)
	at com.uiFramework.companyName.projectName.helper.assertion.AssertionHelper.updateTestStatus(AssertionHelper.java:70)
	at com.uiFramework.companyName.projectName.testScripts.productDetailsPage.VerifyLowestFirstPriceFilter.verifyLowestFirstPriceListInProduct_detailsPage(VerifyLowestFirstPriceFilter.java:40)
</failure>
    <system-out>basepath C:\ProgFiles\workspace\uiFramework
C:\ProgFiles\workspace\uiFramework\src\main\resources\configfile\config.properties
basepath C:\ProgFiles\workspace\uiFramework
C:\ProgFiles\workspace\uiFramework/src/main/resources/screenShots
basepath C:\ProgFiles\workspace\uiFramework
C:\ProgFiles\workspace\uiFramework\src\main\resources\drivers\geckodriver.exe
2019-04-23 18:04:417 INFO  TestBase :123 - Initialize Web Driver : 1511909371
2019-04-23 18:04:417 INFO  WaitHelper :37 - Implicit wait has been set to: 120
2019-04-23 18:04:448 INFO  WaitHelper :139 - Waiting for page to load for : SECONDSseconds
2019-04-23 18:04:464 INFO  WaitHelper :141 - Page is loaded
2019-04-23 18:04:439 INFO  WaitHelper :145 - waiting for :[[FirefoxDriver: firefox on WINDOWS (c579bb89-9e2a-4ae2-89d3-7201308e1acf)] -> xpath: //*[@id='block_top_menu']/ul/li[1]/a] for200 seconds
2019-04-23 18:04:492 INFO  WaitHelper :148 - element is visible now
2019-04-23 18:04:492 INFO  TestBase :155 - Capturing ui navigation screen...
2019-04-23 18:04:492 INFO  JavaScriptHelper :17 - JavaScript Helper has been initialized
2019-04-23 18:04:793 INFO  JavaScriptHelper :17 - JavaScript Helper has been initialized
2019-04-23 18:04:840 INFO  NavigationMenu :59 - clicking on : WOMEN
2019-04-23 18:04:383 INFO  WaitHelper :145 - waiting for :[[FirefoxDriver: firefox on WINDOWS (c579bb89-9e2a-4ae2-89d3-7201308e1acf)] -> xpath: //p[contains(text(),'Catalog')]] for200 seconds
2019-04-23 18:04:446 INFO  WaitHelper :148 - element is visible now
2019-04-23 18:04:446 INFO  TestBase :155 - Capturing ui navigation screen...
2019-04-23 18:04:446 INFO  JavaScriptHelper :17 - JavaScript Helper has been initialized
2019-04-23 18:04:602 INFO  JavaScriptHelper :17 - JavaScript Helper has been initialized
2019-04-23 18:04:633 INFO  DropDownHelper :21 - DropDownHelper object created
2019-04-23 18:04:680 INFO  DropDownHelper :41 - selectUsingVisibleText and visibleText is Price: Lowest first
2019-04-23 18:04:74 INFO  ProductCategoryPage :164 - 16.51
2019-04-23 18:04:90 INFO  ProductCategoryPage :164 - 27.00
2019-04-23 18:04:106 INFO  ProductCategoryPage :164 - 26.00
2019-04-23 18:04:106 INFO  ProductCategoryPage :164 - 50.99
2019-04-23 18:04:121 INFO  ProductCategoryPage :164 - 28.98
2019-04-23 18:04:137 INFO  ProductCategoryPage :164 - 30.50
2019-04-23 18:04:137 INFO  ProductCategoryPage :164 - 16.40
2019-04-23 18:04:153 INFO  ProductCategoryPage :148 - obj.get(i)..16
2019-04-23 18:04:153 INFO  ProductCategoryPage :149 - obj.get(i+1)..27
2019-04-23 18:04:153 INFO  ProductCategoryPage :151 - price filter is not working
</system-out>
    <system-err><![CDATA[1556023147370	Marionette	INFO	Stopped listening on port 52593
1556023147407	addons.xpi	DEBUG	Calling bootstrap method shutdown on webcompat@mozilla.org version 3.0.2
1556023147414	addons.xpi	DEBUG	Calling bootstrap method shutdown on screenshots@mozilla.org version 35.0.0
1556023147422	addons.xpi	DEBUG	Calling bootstrap method shutdown on formautofill@mozilla.org version 1.0
[Child 12680, Chrome_ChildThread] WARNING: pipe error: 109: file z:/build/build/src/ipc/chromium/src/chrome/common/ipc_channel_win.cc, line 332
[Child 12680, Chrome_ChildThread] WARNING: pipe error: 109: file z:/build/build/src/ipc/chromium/src/chrome/common/ipc_channel_win.cc, line 332
[Parent 14168, Gecko_IOThread] WARNING: pipe error: 109: file z:/build/build/src/ipc/chromium/src/chrome/common/ipc_channel_win.cc, line 332
1556023147572	addons.manager	DEBUG	shutdown
1556023147575	addons.manager	DEBUG	Calling shutdown blocker for XPIProvider
1556023147575	addons.xpi	DEBUG	shutdown
1556023147575	addons.xpi-utils	DEBUG	shutdown
1556023147575	addons.manager	DEBUG	Calling shutdown blocker for LightweightThemeManager
1556023147576	addons.manager	DEBUG	Calling shutdown blocker for GMPProvider
1556023147578	addons.manager	DEBUG	Calling shutdown blocker for PluginProvider
1556023147589	addons.manager	DEBUG	Async provider shutdown done

###!!! [Child][RunMessage] Error: Channel closing: too late to send/recv, messages will be lost

[GPU 12996,
###!!! [Child][MessageChannel::SendAndWait] Error: Channel error: cannot send/recv

Apr 23, 2019 6:09:09 PM org.openqa.selenium.remote.DesiredCapabilities firefox
INFO: Using `new FirefoxOptions()` is preferred to `DesiredCapabilities.firefox()`
1556023150088	mozrunner::runner	INFO	Running command: "C:\\Program Files\\Mozilla Firefox\\firefox.exe" "-marionette" "-foreground" "-no-remote" "-profile" "C:\\Users\\PRASHA~1\\AppData\\Local\\Temp\\rust_mozprofile.rYaYfKKQfepJ"
1556023151072	addons.manager	DEBUG	Application has been upgraded
1556023151100	addons.manager	DEBUG	Loaded provider scope for resource://gre/modules/addons/XPIProvider.jsm: ["XPIProvider", "XPIInternal"]
1556023151104	addons.manager	DEBUG	Loaded provider scope for resource://gre/modules/LightweightThemeManager.jsm: ["LightweightThemeManager"]
1556023151127	addons.manager	DEBUG	Loaded provider scope for resource://gre/modules/addons/GMPProvider.jsm
1556023151130	addons.manager	DEBUG	Loaded provider scope for resource://gre/modules/addons/PluginProvider.jsm
1556023151131	addons.manager	DEBUG	Starting provider: XPIProvider
1556023151132	addons.xpi	DEBUG	startup
1556023151134	addons.xpi	INFO	SystemAddonLocation directory is missing
1556023151145	addons.xpi	INFO	Removing all system add-on upgrades.
1556023151146	addons.xpi	DEBUG	checkForChanges
1556023151147	addons.xpi	DEBUG	Loaded add-on state: ${}
1556023151148	addons.xpi	DEBUG	New add-on formautofill@mozilla.org in app-system-defaults
1556023151150	addons.xpi	DEBUG	New add-on screenshots@mozilla.org in app-system-defaults
1556023151150	addons.xpi	DEBUG	New add-on webcompat-reporter@mozilla.org in app-system-defaults
1556023151151	addons.xpi	DEBUG	New add-on webcompat@mozilla.org in app-system-defaults
1556023151152	addons.xpi	DEBUG	scanForChanges changed: true, state: {}
1556023151160	addons.xpi-utils	DEBUG	Error: Synchronously loading the add-ons database(resource://gre/modules/addons/XPIDatabase.jsm:1286:15) JS Stack trace: syncLoadDB@XPIDatabase.jsm:1286:15
checkForChanges@XPIProvider.jsm:2568:9
startup@XPIProvider.jsm:2148:25
callProvider@AddonManager.jsm:203:12
_startProvider@AddonManager.jsm:652:5
startup@AddonManager.jsm:805:9
startup@AddonManager.jsm:2775:5
observe@addonManager.js:66:9
1556023151161	addons.xpi-utils	DEBUG	Starting async load of XPI database C:\Users\Prashant Lowanshi\AppData\Local\Temp\rust_mozprofile.rYaYfKKQfepJ\extensions.json
1556023151210	addons.xpi-utils	DEBUG	New add-on formautofill@mozilla.org installed in app-system-defaults
*** Blocklist::_loadFileInternal: blocklist is disabled
1556023151392	addons.xpi-utils	DEBUG	New add-on screenshots@mozilla.org installed in app-system-defaults
1556023151423	addons.webextension.screenshots@mozilla.org	WARN	Loading extension 'screenshots@mozilla.org': Reading manifest: Invalid extension permission: mozillaAddons
1556023151423	addons.webextension.screenshots@mozilla.org	WARN	Loading extension 'screenshots@mozilla.org': Reading manifest: Invalid extension permission: resource://pdf.js/
1556023151423	addons.webextension.screenshots@mozilla.org	WARN	Loading extension 'screenshots@mozilla.org': Reading manifest: Invalid extension permission: about:reader*
1556023151535	addons.xpi-utils	DEBUG	New add-on webcompat-reporter@mozilla.org installed in app-system-defaults
1556023151548	addons.xpi-utils	DEBUG	New add-on webcompat@mozilla.org installed in app-system-defaults
1556023151558	addons.manager	DEBUG	Registering startup change 'installed' for formautofill@mozilla.org
1556023151563	addons.xpi	DEBUG	Loading bootstrap scope from C:\Program Files\Mozilla Firefox\browser\features\formautofill@mozilla.org.xpi
1556023151564	addons.xpi	DEBUG	Calling bootstrap method install on formautofill@mozilla.org version 1.0
1556023151564	addons.xpi-utils	DEBUG	Make addon app-system-defaults:formautofill@mozilla.org visible
1556023151565	addons.xpi	DEBUG	Updating XPIState for {"id":"formautofill@mozilla.org","syncGUID":"{2029238c-8eb6-4950-87da-7f06f12ccc19}","version":"1.0","type":"extension","loader":null,"updateURL":null,"optionsURL":null,"optionsType":null,"optionsBrowserStyle":true,"aboutURL":null,"defaultLocale":{"name":"Form Autofill","creator":null,"developers":null,"translators":null,"contributors":null},"visible":true,"active":false,"userDisabled":false,"appDisabled":false,"installDate":1554438540902,"updateDate":1554438540902,"applyBackgroundUpdates":1,"path":"C:\\Program Files\\Mozilla Firefox\\browser\\features\\formautofill@mozilla.org.xpi","skinnable":false,"sourceURI":null,"releaseNotesURI":null,"softDisabled":false,"foreignInstall":false,"strictCompatibility":true,"locales":[],"targetApplications":[{"id":"toolkit@mozilla.org","minVersion":null,"maxVersion":null}],"targetPlatforms":[],"seen":true,"dependencies":[],"userPermissions":{"permissions":[],"origins":[]},"icons":{},"iconURL":null,"blocklistState":0,"blocklistURL":null,"startupData":null,"hidden":true,"installTelemetryInfo":null,"location":"app-system-defaults"}
1556023151566	addons.manager	DEBUG	Registering startup change 'installed' for screenshots@mozilla.org
1556023151567	addons.xpi	DEBUG	Loading bootstrap scope from C:\Program Files\Mozilla Firefox\browser\features\screenshots@mozilla.org.xpi
1556023151567	addons.xpi	DEBUG	Calling bootstrap method install on screenshots@mozilla.org version 35.0.0
1556023151567	addons.xpi-utils	DEBUG	Make addon app-system-defaults:screenshots@mozilla.org visible
1556023151569	addons.xpi	DEBUG	Updating XPIState for {"id":"screenshots@mozilla.org","syncGUID":"{0d0e6048-a233-4f7d-affb-d7fdac8a6949}","version":"35.0.0","type":"extension","loader":null,"updateURL":null,"optionsURL":null,"optionsType":null,"optionsBrowserStyle":true,"aboutURL":null,"defaultLocale":{"name":"Firefox Screenshots","description":"Take clips and screenshots from the Web and save them temporarily or permanently.","creator":"Mozilla <screenshots-feedback@mozilla.com>","homepageURL":"https://github.com/mozilla-services/screenshots","developers":null,"translators":null,"contributors":null},"visible":true,"active":false,"userDisabled":false,"appDisabled":false,"installDate":1549608143380,"updateDate":1549608143380,"applyBackgroundUpdates":1,"path":"C:\\Program Files\\Mozilla Firefox\\browser\\features\\screenshots@mozilla.org.xpi","skinnable":false,"sourceURI":null,"releaseNotesURI":null,"softDisabled":false,"foreignInstall":false,"strictCompatibility":true,"locales":[{"name":"Firefox Screenshots","description":"Take clips and screenshots from the Web and save them temporarily or permanently.","creator":"Mozilla <screenshots-feedback@mozilla.com>","homepageURL":"https://github.com/mozilla-services/screenshots","developers":null,"translators":null,"contributors":null,"locales":["en-US"]},{"name":"Firefox Screenshots","description":"ã‚¦ã‚§ãƒ–ã�‹ã‚‰ã‚¹ã‚¯ãƒªãƒ¼ãƒ³ã‚·ãƒ§ãƒƒãƒˆã‚’æ’®ã�£ã�¦ã€�ä¸€æ™‚çš„ã�¾ã�Ÿã�¯æ°¸ä¹…ã�«ã��ã‚Œã‚’ä¿�å­˜ã�—ã�¾ã�—ã‚‡ã�†ã€‚","creator":"Mozilla <screenshots-feedback@mozilla.com>","homepageURL":"https://github.com/mozilla-services/screenshots","developers":null,"translators":null,"contributors":null,"locales":["ja"]},{"name":"Firefox Screenshots","description":"Ta klipp og skjermbilder fra nettet og lagre de midlertidig eller permanent.","creator":"Mozilla <screenshots-feedback@mozilla.com>","homepageURL":"https://github.com/mozilla-services/screenshots","developers":null,"translators":null,"contributors":null,"locales":["nb-NO"]},{"name":"Firefox Screenshots","description":"Tee veebist klippe vÃµi ekraanipilte ning salvesta need ajutiselt vÃµi pÃ¼sivalt.","creator":"Mozilla <screenshots-feedback@mozilla.com>","homepageURL":"https://github.com/mozilla-services/screenshots","developers":null,"translators":null,"contributors":null,"locales":["et"]},{"name":"Firefox Screenshots","description":"Tire clipes e capturas de ecrÃ£ da Web e guarde-as temporariamente ou permanentemente.","creator":"Mozilla <screenshots-feedback@mozilla.com>","homepageURL":"https://github.com/mozilla-services/screenshots","developers":null,"translators":null,"contributors":null,"locales":["pt-PT"]},{"name":"Firefox Screenshots","description":"Cymrwch clipiau a lluniau sgrin o'r We a'u cadw dros dro neu'n barhaol.","creator":"Mozilla <screenshots-feedback@mozilla.com>","homepageURL":"https://github.com/mozilla-services/screenshots","developers":null,"translators":null,"contributors":null,"locales":["cy"]},{"name":"Firefox Screenshots","description":"WzejÅ›o klipy a fota wobrazowki z weba a skÅ‚adujÅ›o je nachylu abo na pÅ›ecej.","creator":"Mozilla <screenshots-feedback@mozilla.com>","homepageURL":"https://github.com/mozilla-services/screenshots","developers":null,"translators":null,"contributors":null,"locales":["dsb"]},{"name":"Firefox Screenshots","description":"Glac gearrthÃ³ga agus gabhÃ¡lacha scÃ¡ileÃ¡in Ã³n GhrÃ©asÃ¡n agus sÃ¡bhÃ¡il iad, go sealadach nÃ³ go buan.","creator":"Mozilla <screenshots-feedback@mozilla.com>","homepageURL":"https://github.com/mozilla-services/screenshots","developers":null,"translators":null,"contributors":null,"locales":["ga-IE"]},{"name":"Firefox Screenshots","description":"à°œà°¾à°²à°‚ à°¨à±�à°‚à°¡à°¿ à°•à°¤à±�à°¤à°¿à°°à°¿à°‚à°ªà±�à°²à°¨à±� à°¤à±†à°°à°ªà°Ÿà±�à°²à°¨à±� à°¤à±€à°¸à±�à°•à±Šà°¨à°¿, à°µà°¾à°Ÿà°¿à°¨à°¿ à°¤à°¾à°¤à±�à°•à°¾à°²à°¿à°•à°‚à°—à°¾ à°²à±‡à°¦à°¾ à°¶à°¾à°¶à±�à°µà°¤à°‚à°—à°¾ à°­à°¦à±�à°°à°ªà°°à°šà°•à±‹à°‚à°¡à°¿.","creator":"Mozilla <screenshots-feedback@mozilla.com>","homepageURL":"https://github.com/mozilla-services/screenshots","developers":null,"translators":null,"contributors":null,"locales":["te"]},{"name":"Firefox Screenshots","description":"Take clips and screenshots from the Web and save them temporarily or permanently.","creator":"Mozilla <screenshots-feedback@mozilla.com>","homepageURL":"https://github.com/mozilla-services/screenshots","developers":null,"translators":null,"contributors":null,"locales":["ast"]},{"name":"Firefox Screenshots","description":"Effectuez des captures dâ€™Ã©cran sur le Web et sauvegardez-les de maniÃ¨re temporaire ou permanente.","creator":"Mozilla <screenshots-feedback@mozilla.com>","homepageURL":"https://github.com/mozilla-services/screenshots","developers":null,"translators":null,"contributors":null,"locales":["fr"]},{"name":"Firefox Screenshots","description":"Dalhin ang clip at mga screenshot mula sa Web at i-save ang mga ito pansamantala o permanente.","creator":"Mozilla <screenshots-feedback@mozilla.com>","homepageURL":"https://github.com/mozilla-services/screenshots","developers":null,"translators":null,"contributors":null,"locales":["tl"]},{"name":"Firefox Screenshots","description":"Take clips and screenshots from the Web and save them temporarily or permanently.","creator":"Mozilla <screenshots-feedback@mozilla.com>","homepageURL":"https://github.com/mozilla-services/screenshots","developers":null,"translators":null,"contributors":null,"locales":["km"]},{"name":"Firefox Screenshots","description":"ÐŸÑ€Ð°Ð²Ð¸ ÐºÐ»Ð¸Ð¿Ð¾Ð²Ðµ Ð¸ Ñ�Ð½Ð¸Ð¼ÐºÐ¸ Ð½Ð° ÑƒÐµÐ±Ñ�Ñ‚Ñ€Ð°Ð½Ð¸Ñ†Ð° Ð¸ Ð³Ð¸ Ð·Ð°Ð¿Ð°Ð·Ð²Ð° Ð²Ñ€ÐµÐ¼ÐµÐ½Ð½Ð¾ Ð¸Ð»Ð¸ Ð·Ð° Ð¿Ð¾Ñ�Ñ‚Ð¾Ñ�Ð½Ð½Ð¾.","creator":"Mozilla <screenshots-feedback@mozilla.com>","homepageURL":"https://github.com/mozilla-services/screenshots","developers":null,"translators":null,"contributors":null,"locales":["bg"]},{"name":"Firefox Screenshots","description":"Rekam klip dan tangkapan layar dari Web dan simpan untuk sementara atau secara permanen.","creator":"Mozilla <screenshots-feedback@mozilla.com>","homepageURL":"https://github.com/mozilla-services/screenshots","developers":null,"translators":null,"contributors":null,"locales":["id"]},{"name":"Firefox Screenshots","description":"Hartu webetik pantaila-zatiak eta -argazkiak eta gorde aldi baterako edo behin betiko.","creator":"Mozilla <screenshots-feedback@mozilla.com>","homepageURL":"https://github.com/mozilla-services/screenshots","developers":null,"translators":null,"contributors":null,"locales":["eu"]},{"name":"Firefox Screenshots","description":"PoÅ™izujte snÃ­mky webovÃ½ch strÃ¡nek a uklÃ¡dejte je doÄ�asnÄ› nebo natrvalo.","creator":"Mozilla <screenshots-feedback@mozilla.com>","homepageURL":"https://github.com/mozilla-services/screenshots","developers":null,"translators":null,"contributors":null,"locales":["cs"]},{"name":"Firefox Screenshots","description":"àªµà«‡àª¬àª®àª¾àª‚àª¥à«€ àª•à«�àª²àª¿àªªà«�àª¸ àª…àª¨à«‡ àª¸à«�àª•à«�àª°à«€àª¨àª¶à«‰àªŸà«�àª¸ àª²à«‹ àª…àª¨à«‡ àª¤à«‡àª®àª¨à«‡ àª•àª¾àª®àªšàª²àª¾àª‰ àª…àª¥àªµàª¾ àª•àª¾àª¯àª®à«€ àª°à«€àª¤à«‡ àª¸àª¾àªšàªµà«‹.","creator":"Mozilla<screenshots-feedback@mozilla.com>","homepageURL":"https://github.com/mozilla-services/screenshots","developers":null,"translators":null,"contributors":null,"locales":["gu-IN"]},{"name":"Firefox Screenshots","description":"KÃ©szÃ­tsen videoklipeket Ã©s kÃ©pernyÅ‘kÃ©peket a webrÅ‘l, Ã©s mentse Å‘ket ideiglenesen vagy vÃ©glegesen.","creator":"Mozilla <screenshots-feedback@mozilla.com>","homepageURL":"https://github.com/mozilla-services/screenshots","developers":null,"translators":null,"contributors":null,"locales":["hu"]},{"name":"Firefox Screenshots","description":"Take clips and screenshots from the Web and save them temporarily or permanently.","creator":"Mozilla <screenshots-feedback@mozilla.com>","homepageURL":"https://github.com/mozilla-services/screenshots","developers":null,"translators":null,"contributors":null,"locales":["kn"]},{"name":"Firefox Screenshots","description":"Ke'achapa' silowachib'al chuqa' chapoj wachib'Ã¤l pan Ajk'amaya'l richin ye'ayÃ¤k.","creator":"Mozilla <screenshots-feedback@mozilla.com>","homepageURL":"https://github.com/mozilla-services/screenshots","developers":null,"translators":null,"contributors":null,"locales":["cak"]},{"name":"Firefox Screenshots","description":"Toma capturas de un sitio Web para guardarlas de forma temporal o permanentemente.","creator":"Mozilla <screenshots-feedback@mozilla.com>","homepageURL":"https://github.com/mozilla-services/screenshots","developers":null,"translators":null,"contributors":null,"locales":["es-CL"]},{"name":"Firefox Screenshots","description":"Ð Ð¾Ð±Ñ–Ñ‚ÑŒ Ð²Ð¸Ñ€Ñ–Ð·ÐºÐ¸ Ñ‚Ð° Ð·Ð½Ñ–Ð¼ÐºÐ¸ ÐµÐºÑ€Ð°Ð½Ñƒ Ð² Ð†Ð½Ñ‚ÐµÑ€Ð½ÐµÑ‚Ñ– Ñ‚Ð° Ð·Ð±ÐµÑ€Ñ–Ð³Ð°Ð¹Ñ‚Ðµ Ñ—Ñ… Ð´Ð»Ñ� Ð¿Ð¾Ð´Ð°Ð»ÑŒÑˆÐ¾Ñ— Ñ€Ð¾Ð±Ð¾Ñ‚Ð¸.","creator":"Mozilla <screenshots-feedback@mozilla.com>","homepageURL":"https://github.com/mozilla-services/screenshots","developers":null,"translators":null,"contributors":null,"locales":["uk"]},{"name":"Firefox Screenshots","description":"ÙˆÛŒØ¨ Ø³Û’ Ú©Ù„Ù„Ø¨Ø³ ÛŒØ§Ø§ Ø§Ø³Ú©Ø±ÛŒÙ† Ø´Ø§Ù¹ÛŒÚº Ù„ÛŒÚº Ø§ÙˆØ± Ø§Ù† Ú©Ùˆ Ø¹Ø§Ø±Ø¸ÛŒ ÛŒØ§ Ù…Ø³ØªÙ‚Ù„ Ø·ÙˆØ± Ù¾Ø± Ù…Ø­Ù�ÙˆØ¸ Ú©Ø±ÛŒÚºÛ”","creator":"Mozilla <screenshots-feedback@mozilla.com>","homepageURL":"https://github.com/mozilla-services/screenshots","developers":null,"translators":null,"contributors":null,"locales":["ur"]},{"name":"Firefox Screenshots","description":"Prenu eltondaÄµon aÅ­ faru ekrankopiojn de retpaÄ�oj kaj konservu ilin Ä‰u daÅ­re Ä‰u provizore.","creator":"Mozilla <screenshots-feedback@mozilla.com>","homepageURL":"https://github.com/mozilla-services/screenshots","developers":null,"translators":null,"contributors":null,"locales":["eo"]},{"name":"Firefox Screenshots","description":"Take clips and screenshots from the Web and save them temporarily or permanently.","creator":"Mozilla <screenshots-feedback@mozilla.com>","homepageURL":"https://github.com/mozilla-services/screenshots","developers":null,"translators":null,"contributors":null,"locales":["si"]},{"name":"Firefox Screenshots","description":"Ta klipp och skÃ¤rmbilder frÃ¥n webben och spara dem tillfÃ¤lligt eller permanent.","creator":"Mozilla <screenshots-feedback@mozilla.com>","homepageURL":"https://github.com/mozilla-services/screenshots","developers":null,"translators":null,"contributors":null,"locales":["sv-SE"]},{"name":"Firefox Screenshots","description":"Ta klipp og skjermbilde frÃ¥ nettet og lagre dei mellombels eller permanent.","creator":"Mozilla <screenshots-feedback@mozilla.com>","homepageURL":"https://github.com/mozilla-services/screenshots","developers":null,"translators":null,"contributors":null,"locales":["nn-NO"]},{"name":"Firefox Screenshots","description":"Ø®Ø° Ù…Ù‚Ø§Ø·Ø¹ ÙˆÂ Ù„Ù‚Ø·Ø§Øª Ù…Ù† Ø§Ù„ÙˆØ¨ ÙˆÂ Ø§Ø­Ù�Ø¸Ù‡Ù… Ù…Ø¤Ù‚ØªÙ‹Ø§ Ø£Ùˆ Ø¯Ø§Ø¦Ù…Ù‹Ø§.","creator":"Ù…ÙˆØ²ÙŠÙ„Ø§ <screenshots-feedback@mozilla.com>","homepageURL":"https://github.com/mozilla-services/screenshots","developers":null,"translators":null,"contributors":null,"locales":["ar"]},{"name":"Firefox Screenshots","description":"Chá»¥p áº£nh vÃ  chá»¥p mÃ n hÃ¬nh tá»« Web vÃ  lÆ°u chÃºng táº¡m thá»�i hoáº·c vÄ©nh viá»…n.","creator":"Mozilla <screenshots-feedback@mozilla.com>","homepageURL":"https://github.com/mozilla-services/screenshots","developers":null,"translators":null,"contributors":null,"locales":["vi"]},{"name":"Firefox Screenshots","description":"Æ³ettu kilip walla nattal yaynirde rewrude e geese, ndaÉ—ndaa É—um e mudda walla e ko duumii.","creator":"Mozilla <screenshots-feedback@mozilla.com>","homepageURL":"https://github.com/mozilla-services/screenshots","developers":null,"translators":null,"contributors":null,"locales":["ff"]},{"name":"Firefox Screenshots","description":"áƒ’áƒ�áƒ“áƒ�áƒ£áƒ¦áƒ”áƒ— áƒ•áƒ˜áƒ“áƒ”áƒ�áƒ”áƒ‘áƒ˜ áƒ“áƒ� áƒ¡áƒ£áƒ áƒ�áƒ—áƒ”áƒ‘áƒ˜ áƒ•áƒ”áƒ‘áƒ’áƒ•áƒ”áƒ áƒ“áƒ”áƒ‘áƒ¡ áƒ“áƒ� áƒ¨áƒ”áƒ˜áƒœáƒ�áƒ®áƒ”áƒ— áƒ“áƒ áƒ�áƒ”áƒ‘áƒ˜áƒ—, áƒ�áƒœ áƒ›áƒ£áƒ“áƒ›áƒ˜áƒ•áƒ�áƒ“.","creator":"Mozilla <screenshots-feedback@mozilla.com>","homepageURL":"https://github.com/mozilla-services/screenshots","developers":null,"translators":null,"contributors":null,"locales":["ka"]},{"name":"Firefox Screenshots","description":"ì›¹ íŽ˜ì�´ì§€ë¥¼ ì°�ê±°ë‚˜ ì˜�ìƒ�ìœ¼ë¡œ ë§Œë“¤ì–´ ìž„ì‹œë¡œ, í˜¹ì�€ ì˜�êµ¬ížˆ ë³´ê´€í•˜ì„¸ìš”.","creator":"Mozilla <screenshots-feedback@mozilla.com>","homepageURL":"https://github.com/mozilla-services/screenshots","developers":null,"translators":null,"contributors":null,"locales":["ko"]},{"name":"Firefox Screenshots","description":"Tog cliopaichean is glacaidhean-sgrÃ¬n on lÃ¬on is sÃ bhail iad rÃ¨ seal no gu buan.","creator":"Mozilla <screenshots-feedback@mozilla.com>","homepageURL":"https://github.com/mozilla-services/screenshots","developers":null,"translators":null,"contributors":null,"locales":["gd"]},{"name":"Firefox Screenshots","description":"Cattura schermate di contenuti sul Web e salvali, per un periodo di tempo limitato o in modo permanente.","creator":"Mozilla <screenshots-feedback@mozilla.com>","homepageURL":"https://github.com/mozilla-services/screenshots","developers":null,"translators":null,"contributors":null,"locales":["it"]},{"name":"Firefox Screenshots","description":"TomÃ¡ imÃ¡genes y capturas de la web y guardalos temporal o permanentemente.","creator":"Mozilla <screenshots-feedback@mozilla.com>","homepageURL":"https://github.com/mozilla-services/screenshots","developers":null,"translators":null,"contributors":null,"locales":["es-AR"]},{"name":"Firefox Screenshots","description":"Internetdan lavha va skrinshotlar oling hamda ularni vaqtincha yoki butunlay saqlab oling.","creator":"Mozilla <screenshots-feedback@mozilla.com>","homepageURL":"https://github.com/mozilla-services/screenshots","developers":null,"translators":null,"contributors":null,"locales":["uz"]},{"name":"Firefox Screenshots","description":"Darykite iÅ¡karpas ir ekrano nuotraukos su interneto turiniu bei saugokite jas laikinai arba visÄ…laik.","creator":"â€žMozillaâ€œ <screenshots-feedback@mozilla.com>","homepageURL":"https://github.com/mozilla-services/screenshots","developers":null,"translators":null,"contributors":null,"locales":["lt"]},{"name":"Firefox Screenshots","description":"PÃ«rftoni copÃ«za dhe bÃ«ni foto nÃ« Web dhe ruajini ato pÃ«rkohÃ«sisht ose pÃ«rfundimisht.","creator":"Mozilla <screenshots-feedback@mozilla.com>","homepageURL":"https://github.com/mozilla-services/screenshots","developers":null,"translators":null,"contributors":null,"locales":["sq"]},{"name":"Firefox Screenshots","description":"Tomar clips y capturas de pantalla de la web y guardarlos temporalmente o permanentemente.","creator":"Mozilla <screenshots-feedback@mozilla.com>","homepageURL":"https://github.com/mozilla-services/screenshots","developers":null,"translators":null,"contributors":null,"locales":["es-MX"]},{"name":"Firefox Screenshots","description":"à®µà®²à¯ˆà®ªà®•à¯�à®•à®™à¯�à®•à®³à¯ˆ à®¨à®¿à®°à®¨à¯�à®¤à®°à®®à®¾à®• (à®…) à®¤à®±à¯�à®•à®¾à®²à®¿à®•à®®à®¾à®• à®¤à¯�à®£à¯�à®•à¯�à®•à¯�à®•à®³à®¾à®• (à®…) à®¤à®¿à®°à¯ˆà®ªà¯�à®ªà®¿à®Ÿà®¿à®ªà¯�à®ªà¯�à®•à®³à®¾à®• à®šà¯‡à®®à®¿à®¯à¯�à®™à¯�à®•à®³à¯�.","creator":"à®®à¯Šà®šà®¿à®²à¯�à®²à®¾ <screenshots-feedback@mozilla.com>","homepageURL":"https://github.com/mozilla-services/screenshots","developers":null,"translators":null,"contributors":null,"locales":["ta"]},{"name":"Firefox Screenshots","description":"Web sÉ™hifÉ™lÉ™rin ekran gÃ¶rÃ¼ntÃ¼lÉ™rini alÄ±n, mÃ¼vÉ™qqÉ™ti vÉ™ ya qalÄ±cÄ± saxlayÄ±n.","creator":"Mozilla <screenshots-feedback@mozilla.com>","homepageURL":"https://github.com/mozilla-services/screenshots","developers":null,"translators":null,"contributors":null,"locales":["az"]},{"name":"Firefox Screenshots","description":"Ð—ÐµÐ¼ÐµÑ‚Ðµ Ð¸Ñ�ÐµÑ‡Ð¾Ñ†Ð¸ Ð¸ Ñ�Ð»Ð¸ÐºÐ¸ Ð¾Ð´ Ð˜Ð½Ñ‚ÐµÑ€Ð½ÐµÑ‚ Ð¸ Ð·Ð°Ñ‡ÑƒÐ²Ð°Ñ˜Ñ‚Ðµ Ð³Ð¸ Ð¿Ñ€Ð¸Ð²Ñ€ÐµÐ¼ÐµÐ½Ð¾ Ð¸Ð»Ð¸ Ñ‚Ñ€Ð°Ñ˜Ð½Ð¾.","creator":"Mozilla <screenshots-feedback@mozilla.com>","homepageURL":"https://github.com/mozilla-services/screenshots","developers":null,"translators":null,"contributors":null,"locales":["mk"]},{"name":"Firefox Screenshots","description":"à¸ˆà¸±à¸šà¸ à¸²à¸žà¸«à¸™à¹‰à¸²à¸ˆà¸­à¸ˆà¸²à¸�à¹€à¸§à¹‡à¸šà¹�à¸¥à¸°à¸šà¸±à¸™à¸—à¸¶à¸�à¹„à¸§à¹‰à¸Šà¸±à¹ˆà¸§à¸„à¸£à¸²à¸§à¸«à¸£à¸·à¸­à¸–à¸²à¸§à¸£","creator":"Mozilla <screenshots-feedback@mozilla.com>","homepageURL":"https://github.com/mozilla-services/screenshots","developers":null,"translators":null,"contributors":null,"locales":["th"]},{"name":"Firefox Screenshots","description":"Erstellen Sie Bildschirmfotos von vollstÃ¤ndigen Webseiten oder Ausschnitten und speichern Sie diese temporÃ¤r oder dauerhaft.","creator":"Mozilla <screenshots-feedback@mozilla.com>","homepageURL":"https://github.com/mozilla-services/screenshots","developers":null,"translators":null,"contributors":null,"locales":["de"]},{"name":"Firefox Screenshots","description":"Take clips and screenshots from the Web and save them temporarily or permanently.","creator":"Mozilla <screenshots-feedback@mozilla.com>","homepageURL":"https://github.com/mozilla-services/screenshots","developers":null,"translators":null,"contributors":null,"locales":["en-GB"]},{"name":"Firefox Screenshots","description":"à¤µà¥‡à¤¬à¤µà¤°à¥‚à¤¨ à¤•à¥�à¤²à¤¿à¤ª à¤†à¤£à¤¿ à¤¸à¥�à¤•à¥�à¤°à¥€à¤¨à¤¶à¥‰à¤Ÿ à¤˜à¥�à¤¯à¤¾ à¤†à¤£à¤¿ à¤¤à¥�à¤¯à¤¾à¤‚à¤¨à¤¾ à¤¤à¤¾à¤¤à¥�à¤ªà¥�à¤°à¤¤à¥‡ à¤•à¤¿à¤‚à¤µà¤¾ à¤•à¤¾à¤¯à¤®à¤šà¥‡ à¤œà¤¤à¤¨ à¤•à¤°à¤¾.","creator":"Mozilla <screenshots-feedback@mozilla.com>","homepageURL":"https://github.com/mozilla-services/screenshots","developers":null,"translators":null,"contributors":null,"locales":["mr"]},{"name":"Firefox Screenshots","description":"WzmiÄ‡e klipy a fota wobrazowki z weba a skÅ‚adujÄ‡e je nachwilu abo na pÅ™eco.","creator":"Mozilla <screenshots-feedback@mozilla.com>","homepageURL":"https://github.com/mozilla-services/screenshots","developers":null,"translators":null,"contributors":null,"locales":["hsb"]},{"name":"Firefox Screenshots","description":"á€�á€˜á€ºá€‘á€¶á€™á€¾ á€“á€«á€�á€ºá€•á€¯á€¶á€™á€»á€¬á€¸á€”á€¾á€„á€·á€º á€™á€»á€€á€ºá€”á€¾á€¬á€•á€¼á€„á€ºá€•á€¯á€¶á€–á€™á€ºá€¸á€�á€»á€€á€ºá€™á€»á€¬á€¸á€€á€­á€¯ á€›á€­á€¯á€€á€ºá€šá€°á€•á€¼á€®á€¸ á€šá€¬á€šá€® á€žá€­á€¯á€·á€™á€Ÿá€¯á€�á€º á€¡á€™á€¼á€²á€�á€™á€ºá€¸á€žá€­á€¯á€œá€¾á€±á€¬á€„á€ºá€›á€¬á€�á€½á€„á€º á€žá€­á€™á€ºá€¸á€†á€Šá€ºá€¸á€•á€«á�‹","creator":"Mozilla <screenshots-feedback@mozilla.com>","homepageURL":"https://github.com/mozilla-services/screenshots","developers":null,"translators":null,"contributors":null,"locales":["my"]},{"name":"Firefox Screenshots","description":"Fai maletgs da visur dal web ed als memorisescha temporarmain u permanentamain.","creator":"Mozilla <screenshots-feedback@mozilla.com>","homepageURL":"https://github.com/mozilla-services/screenshots","developers":null,"translators":null,"contributors":null,"locales":["rm"]},{"name":"Firefox Screenshots","description":"Take clips and screenshots from the Web and save them temporarily or permanently.","creator":"Mozilla <screenshots-feedback@mozilla.com>","homepageURL":"https://github.com/mozilla-services/screenshots","developers":null,"translators":null,"contributors":null,"locales":["gl"]},{"name":"Firefox Screenshots","description":"à¦“à¦¯à¦¼à§‡à¦¬ à¦¥à§‡à¦•à§‡ à¦•à§�à¦²à¦¿à¦ª à¦�à¦¬à¦‚ à¦¸à§�à¦•à§�à¦°à¦¿à¦¨à¦¶à¦Ÿ à¦¨à¦¿à¦¨ à¦�à¦¬à¦‚ à¦¸à§‡à¦—à§�à¦²à§‹ à¦¸à¦¾à¦®à¦¯à¦¼à¦¿à¦•à¦­à¦¾à¦¬à§‡ à¦¬à¦¾ à¦¸à§�à¦¥à¦¾à¦¯à¦¼à§€à¦­à¦¾à¦¬à§‡ à¦¸à¦‚à¦°à¦•à§�à¦·à¦£ à¦•à¦°à§�à¦¨à¥¤","creator":"Mozilla <screenshots-feedback@mozilla.com>","homepageURL":"https://github.com/mozilla-services/screenshots","developers":null,"translators":null,"contributors":null,"locales":["bn-BD"]},{"name":"Firefox Screenshots","description":"Feu captures de pantalla de pÃ gines web i deseu-les temporalment o per sempre.","creator":"Mozilla <screenshots-feedback@mozilla.com>","homepageURL":"https://github.com/mozilla-services/screenshots","developers":null,"translators":null,"contributors":null,"locales":["ca"]},{"name":"Firefox Screenshots","description":"Meitsje skermÃ´fdrukken of klips fan it web en bewarje se tydlik of permanint.","creator":"Mozilla <screenshots-feedback@mozilla.com>","homepageURL":"https://github.com/mozilla-services/screenshots","developers":null,"translators":null,"contributors":null,"locales":["fy-NL"]},{"name":"Firefox Screenshots","description":"Vytvorte si snÃ­mky obrazovky na webe a uloÅ¾te si ich doÄ�asne Ä�i navÅ¾dy.","creator":"Mozilla <screenshots-feedback@mozilla.com>","homepageURL":"https://github.com/mozilla-services/screenshots","developers":null,"translators":null,"contributors":null,"locales":["sk"]},{"name":"Firefox Screenshots","description":"Take clips and screenshots from the Web and save them temporarily or permanently.","creator":"Mozilla <screenshots-feedback@mozilla.com>","homepageURL":"https://github.com/mozilla-services/screenshots","developers":null,"translators":null,"contributors":null,"locales":["mai"]},{"name":"Firefox Screenshots","description":"Ð‘ÐµÐ»ÐµÐ¶Ð¸Ñ‚Ðµ Ñ�Ð½Ð¸Ð¼ÐºÐµ ÐµÐºÑ€Ð°Ð½Ð° Ñ�Ð° Ð²ÐµÐ±Ð° Ð¸ Ñ�Ð°Ñ‡ÑƒÐ²Ð°Ñ˜Ñ‚Ðµ Ð¸Ñ… Ð¿Ñ€Ð¸Ð²Ñ€ÐµÐ¼ÐµÐ½Ð¾ Ð¸Ð»Ð¸ Ñ‚Ñ€Ð°Ñ˜Ð½Ð¾.","creator":"Mozilla <screenshots-feedback@mozilla.com>","homepageURL":"https://github.com/mozilla-services/screenshots","developers":null,"translators":null,"contributors":null,"locales":["sr"]},{"name":"Firefox Screenshots","description":"Ø§Ø² ÙˆØ¨ Ø¹Ú©Ø³ Ø¨Ú¯ÛŒØ±ÛŒØ¯ Ùˆ Ú©Ù„ÛŒÙ¾ Ø¨Ø³Ø§Ø²ÛŒØ¯ Ùˆ Ø¨Ù‡ ØµÙˆØ±Øª Ù…ÙˆÙ‚Øª ÛŒØ§ Ø¯Ø§ÛŒÙ…ÛŒ Ø°Ø®ÛŒØ±Ù‡ Ú©Ù†ÛŒØ¯.","creator":"Ù…ÙˆØ²ÛŒÙ„Ø§ <screenshots-feedback@mozilla.com>","homepageURL":"https://github.com/mozilla-services/screenshots","developers":null,"translators":null,"contributors":null,"locales":["fa"]},{"name":"Firefox Screenshots","description":"à´µàµ†à´¬à´¿àµ½ à´¨à´¿à´¨àµ�à´¨àµ� à´•àµ�à´²à´¿à´ªàµ�à´ªàµ�à´•à´³àµ�à´‚ à´¸àµ�à´•àµ�à´°àµ€àµ»à´·àµ‡à´¾à´Ÿàµ�à´Ÿàµ�à´•à´³àµ�à´‚ à´Žà´Ÿàµ�à´¤àµ�à´¤àµ� à´…à´µ à´¤à´¾àµ½à´•àµ�à´•à´¾à´²à´¿à´•à´®à´¾à´¯àµ‹ à´…à´²àµ�à´²àµ†à´™àµ�à´•à´¿àµ½ à´¸àµ�à´¥à´¿à´°à´®à´¾à´¯àµ‹ à´¸à´‚à´°à´•àµ�à´·à´¿à´•àµ�à´•àµ�à´•.","creator":"à´®àµ‡à´¾à´¸à´¿à´²àµ�à´² <screenshots-feedback@mozilla.com>","homepageURL":"https://github.com/mozilla-services/screenshots","developers":null,"translators":null,"contributors":null,"locales":["ml"]},{"name":"Firefox Screenshots","description":"Fanni de fÃ¶to do schermo da-o Web e sarvale in mÃ²ddo tenporaneo Ã² cin mÃ²ddo che restan.","creator":"Mozilla <screenshots-feedback@mozilla.com>","homepageURL":"https://github.com/mozilla-services/screenshots","developers":null,"translators":null,"contributors":null,"locales":["lij"]},{"name":"Firefox Screenshots","description":"Ambil klip dan skrinsyot dari Web dan simpan untuk sementara waktu atau kekal.","creator":"Mozilla <screenshots-feedback@mozilla.com>","homepageURL":"https://github.com/mozilla-services/screenshots","developers":null,"translators":null,"contributors":null,"locales":["ms"]},{"name":"Firefox Screenshots","description":"Prende retalios video e instantaneos de schermo ab le Web e salva los temporarimente o permanentemente.","creator":"Mozilla <screenshots-feedback@mozilla.com>","homepageURL":"https://github.com/mozilla-services/screenshots","developers":null,"translators":null,"contributors":null,"locales":["ia"]},{"name":"Firefox Screenshots","description":"æˆªå�–ç½‘é¡µæˆªå›¾ï¼Œå�¯ä¸´æ—¶æˆ–æ°¸ä¹…å­˜å‚¨ã€‚","creator":"Mozilla <screenshots-feedback@mozilla.com>","homepageURL":"https://github.com/mozilla-services/screenshots","developers":null,"translators":null,"contributors":null,"locales":["zh-CN"]},{"name":"Firefox Screenshots","description":"Ð”ÐµÐ»Ð°Ð¹Ñ‚Ðµ Ð²Ñ‹Ñ€ÐµÐ·ÐºÐ¸ Ð¸ Ñ�ÐºÑ€Ð¸Ð½ÑˆÐ¾Ñ‚Ñ‹ Ð¸Ð· Ð˜Ð½Ñ‚ÐµÑ€Ð½ÐµÑ‚Ð° Ð¸ Ñ�Ð¾Ñ…Ñ€Ð°Ð½Ñ�Ð¹Ñ‚Ðµ Ð¸Ñ… Ð²Ñ€ÐµÐ¼ÐµÐ½Ð½Ð¾ Ð¸Ð»Ð¸ Ð½Ð°Ð²Ñ�ÐµÐ³Ð´Ð°.","creator":"Mozilla <screenshots-feedback@mozilla.com>","homepageURL":"https://github.com/mozilla-services/screenshots","developers":null,"translators":null,"contributors":null,"locales":["ru"]},{"name":"Firefox Screenshots","description":"Tapit skeudennoÃ¹ war ar Web hag enrollit anezho e-pad ur mare pe da viken.","creator":"Mozilla <screenshots-feedback@mozilla.com>","homepageURL":"https://github.com/mozilla-services/screenshots","developers":null,"translators":null,"contributors":null,"locales":["br"]},{"name":"Firefox Screenshots","description":"TwÃ³rz wycinki iÂ zrzuty stron internetowych iÂ zapisuj je tymczasowo lub trwale.","creator":"Mozilla <screenshots-feedback@mozilla.com>","homepageURL":"https://github.com/mozilla-services/screenshots","developers":null,"translators":null,"contributors":null,"locales":["pl"]},{"name":"Firefox Screenshots","description":"AÄŸ'dan tÃ¼yremeler ve ekran kÃ¶rÃ¼ntilerini al ve olarnÄ± muvaqqat yaki payidar olaraq saqla.","creator":"Mozilla <screenshots-feedback@mozilla.com>","homepageURL":"https://github.com/mozilla-services/screenshots","developers":null,"translators":null,"contributors":null,"locales":["crh"]},{"name":"Firefox Screenshots","description":"à¤µà¥‡à¤¬ à¤¸à¥‡ à¥žà¥‹à¤Ÿà¥‹ à¤”à¤° à¤¸à¥�à¤•à¥�à¤°à¥€à¤¨à¤¶à¥‰à¤Ÿ à¤²à¥‡à¤‚ à¤”à¤° à¤‰à¤¨à¥�à¤¹à¥‡à¤‚ à¤…à¤¸à¥�à¤¥à¤¾à¤¯à¥€ à¤¯à¤¾ à¤¸à¥�à¤¥à¤¾à¤¯à¥€ à¤°à¥‚à¤ª à¤¸à¥‡ à¤¸à¤¹à¥‡à¤œà¥‡à¤‚.","creator":"Mozilla <screenshots-feedback@mozilla.com>","homepageURL":"https://github.com/mozilla-services/screenshots","developers":null,"translators":null,"contributors":null,"locales":["hi-IN"]},{"name":"Firefox Screenshots","description":"àº–à»ˆàº²àº�àº„àº£àº´àºš à»�àº¥àº° àºžàº²àºšàº«àº™à»‰àº²àºˆà»�àºˆàº²àº�àº«àº™à»‰àº²à»€àº§àº±àºš à»�àº¥à»‰àº§àºšàº±àº™àº—àº¶àº�à»„àº§à»‰àºŠàº»à»ˆàº§àº„àº²àº§ àº«àº¥àº· àº–àº²àº§àº­àº™.","creator":"Mozilla <screenshots-feedback@mozilla.com>","homepageURL":"https://github.com/mozilla-services/screenshots","developers":null,"translators":null,"contributors":null,"locales":["lo"]},{"name":"Firefox Screenshots","description":"Zajemajte posnetke zaslona s spleta ter jih shranite zaÄ�asno ali trajno.","creator":"Mozilla <screenshots-feedback@mozilla.com>","homepageURL":"https://github.com/mozilla-services/screenshots","developers":null,"translators":null,"contributors":null,"locales":["sl"]},{"name":"Firefox Screenshots","description":"Snimite ili slikajte stvari s Weba te ih spremite privremeno ili trajno.","creator":"Mozilla <screenshots-feedback@mozilla.org>","homepageURL":"https://github.com/mozilla-services/screenshots","developers":null,"translators":null,"contributors":null,"locales":["hr"]},{"name":"Firefox Screenshots","description":"Ota leikkeitÃ¤ ja kuvakaappauksia verkosta ja tallenna ne tilapÃ¤isesti tai pysyvÃ¤sti.","creator":"Mozilla <screenshots-feedback@mozilla.com>","homepageURL":"https://github.com/mozilla-services/screenshots","developers":null,"translators":null,"contributors":null,"locales":["fi"]},{"name":"Firefox Screenshots","description":"Mak vidio ma ki ngolo macego cego ki cal me wang kio ki i Kakube ka igwok gi pi tutunu onyo matwal.","creator":"Mozilla <screenshots-feedback@mozilla.com>","homepageURL":"https://github.com/mozilla-services/screenshots","developers":null,"translators":null,"contributors":null,"locales":["ach"]},{"name":"Firefox Screenshots","description":"Ð˜Ð½Ñ‚ÐµÑ€Ð½ÐµÑ‚Ñ‚ÐµÐ½ Ñ�ÐºÑ€Ð¸Ð½ÑˆÐ¾Ñ‚Ñ‚Ð°Ñ€Ð´Ñ‹ Ñ‚Ò¯Ñ�Ñ–Ñ€Ñ–Ð¿, Ð¾Ð»Ð°Ñ€Ð´Ñ‹ ÑƒÐ°Ò›Ñ‹Ñ‚ÑˆÐ° Ð½ÐµÐ¼ÐµÑ�Ðµ Ñ‚Ò±Ñ€Ð°Ò›Ñ‚Ñ‹ Ñ‚Ò¯Ñ€Ð´Ðµ Ñ�Ð°Ò›Ñ‚Ð°Ò£Ñ‹Ð·.","creator":"Mozilla <screenshots-feedback@mozilla.com>","homepageURL":"https://github.com/mozilla-services/screenshots","developers":null,"translators":null,"contributors":null,"locales":["kk"]},{"name":"Firefox Screenshots","description":"Ð Ð°Ð±Ñ–Ñ†Ðµ ÐºÐ»Ñ–Ð¿Ñ‹ Ñ– Ð·Ð´Ñ‹Ð¼ÐºÑ– Ñ�ÐºÑ€Ð°Ð½Ð° Ñž Ð¡ÐµÑ†Ñ–Ð²Ðµ Ñ– Ð·Ð°Ñ…Ð¾ÑžÐ²Ð°Ð¹Ñ†Ðµ Ñ–Ñ… Ñ‡Ð°Ñ�Ð¾Ð²Ð° Ð°Ð±Ð¾ Ð½Ð°Ð·Ð°ÑžÐ¶Ð´Ñ‹.","creator":"Mozilla <screenshots-feedback@mozilla.com>","homepageURL":"https://github.com/mozilla-services/screenshots","developers":null,"translators":null,"contributors":null,"locales":["be"]},{"name":"Firefox Screenshots","description":"RealizeazÄƒ decupaje È™i capturi de ecran de pe web È™i salveazÄƒ-le temporar sau permanent.","creator":"Mozilla <screenshots-feedback@mozilla.com>","homepageURL":"https://github.com/mozilla-services/screenshots","developers":null,"translators":null,"contributors":null,"locales":["ro"]},{"name":"Firefox Screenshots","description":"Snimite ili slikajte stvari s weba te ih saÄ�uvajte privremeno ili trajno.","creator":"Mozilla <screenshots-feedback@mozilla.com>","homepageURL":"https://github.com/mozilla-services/screenshots","developers":null,"translators":null,"contributors":null,"locales":["bs"]},{"name":"Firefox Screenshots","description":"Enoháº½ taâ€™anga ha japyhypy Ã±andutÃ­gui ha eÃ±ongatu sapyâ€™aite tÃ©rÃ£ areve.","creator":"Mozilla <screenshots-feedback@mozilla.com>","homepageURL":"https://github.com/mozilla-services/screenshots","developers":null,"translators":null,"contributors":null,"locales":["gn"]},{"name":"Firefox Screenshots","description":"á¹¬á¹­ef imrayen akked igdilen si Web sakin sekles-iten s wudem askudan neÎ³ s wudem yezgan.","creator":"Mozilla <screenshots-feedback@mozilla.com>","homepageURL":"https://github.com/mozilla-services/screenshots","developers":null,"translators":null,"contributors":null,"locales":["kab"]},{"name":"Firefox Screenshots","description":"Take clips and screenshots from the Web and save them temporarily or permanently.","creator":"à¨®à©Œà©›à©€à¨²à¨¾ <screenshots-feedback@mozilla.com>","homepageURL":"https://github.com/mozilla-services/screenshots","developers":null,"translators":null,"contributors":null,"locales":["pa-IN"]},{"name":"Firefox Screenshots","description":"Î Ï�Î±Î³Î¼Î±Ï„Î¿Ï€Î¿Î¹Î®ÏƒÏ„Îµ Î»Î®ÏˆÎ· ÏƒÏ„Î¹Î³Î¼Î¹Î¿Ï„Ï�Ï€Ï‰Î½ Î±Ï€ÏŒ Ï„Î¿ Î”Î¹Î±Î´Î¯ÎºÏ„Ï…Î¿ ÎºÎ±Î¹ Î±Ï€Î¿Î¸Î·ÎºÎµÏ�ÏƒÏ„Îµ Ï„Î± Ï€Ï�Î¿ÏƒÏ‰Ï�Î¹Î½Î¬ Î® Î¼ÏŒÎ½Î¹Î¼Î±.","creator":"Mozilla <screenshots-feedback@mozilla.com>","homepageURL":"https://github.com/mozilla-services/screenshots","developers":null,"translators":null,"contributors":null,"locales":["el"]},{"name":"Firefox Screenshots","description":"Õ�Õ¿Õ¡Ö�Õ¥Ö„ Õ°Õ¸Õ¬Õ¸Õ¾Õ¡Õ¯Õ¶Õ¥Ö€ Ö‡ Õ§Õ¯Ö€Õ¡Õ¶Õ« Õ°Õ¡Õ¶Õ¸Ö‚ÕµÕ©Õ¶Õ¥Ö€ Õ¾Õ¥Õ¢Õ«Ö� Ö‡ ÕºÕ¡Õ°ÕºÕ¡Õ¶Õ¥Ö„ Õ¤Õ¡Õ¶Ö„ ÕªÕ¡Õ´Õ¡Õ¶Õ¡Õ¯Õ¡Õ¾Õ¸Ö€ Õ¯Õ¡Õ´ Õ´Õ·Õ¿Õ¡ÕºÕ¥Õ½:","creator":"Mozilla <screenshots-feedback@mozilla.com>","homepageURL":"https://github.com/mozilla-services/screenshots","developers":null,"translators":null,"contributors":null,"locales":["hy-AM"]},{"name":"Firefox Screenshots","description":"Tire capturas de tela da Web e guarde-as temporariamente ou permanentemente.","creator":"Mozilla <screenshots-feedback@mozilla.com>","homepageURL":"https://github.com/mozilla-services/screenshots","developers":null,"translators":null,"contributors":null,"locales":["pt-BR"]},{"name":"Firefox Screenshots","description":"æ‹�æ”�ç¶²é �çš„æ“·åœ–ï¼Œå�¯æš«æ™‚å„²å­˜æˆ–æ°¸ä¹…å„²å­˜ã€‚","creator":"Mozilla <screenshots-feedback@mozilla.com>","homepageURL":"https://github.com/mozilla-services/screenshots","developers":null,"translators":null,"contributors":null,"locales":["zh-TW"]},{"name":"Firefox Screenshots","description":"×™×¦×™×¨×ª ×¦×™×œ×•×ž×™ ×ž×¡×š ×©×œ ×“×¤×™ ×�×™× ×˜×¨× ×˜ ×•×©×ž×™×¨×” ×©×œ×”×� ×‘×�×•×¤×Ÿ ×–×ž× ×™ ×�×• ×§×‘×•×¢.","creator":"Mozilla <screenshots-feedback@mozilla.com>","homepageURL":"https://github.com/mozilla-services/screenshots","developers":null,"translators":null,"contributors":null,"locales":["he"]},{"name":"Firefox Screenshots","description":"Tag udklip og skÃ¦rmbilleder fra nettet og gem dem midlertidigt eller permanent.","creator":"Mozilla <screenshots-feedback@mozilla.com>","homepageURL":"https://github.com/mozilla-services/screenshots","developers":null,"translators":null,"contributors":null,"locales":["da"]},{"name":"Firefox Screenshots","description":"Ð’Ñ�Ð±Ñ�Ñ�Ñ� Ð°Ð²Ñ�Ð°Ð½ ÐºÐ»Ð¸Ð¿ Ð±Ð¾Ð»Ð¾Ð½ Ð´Ñ�Ð»Ð³Ñ�Ñ†Ð¸Ð¹Ð½ Ð·ÑƒÑ€Ð³Ð¸Ð¹Ð³ Ð°Ð²Ð°Ð°Ð´ Ñ‚Ñ�Ð´Ð³Ñ�Ñ�Ñ€Ð¸Ð¹Ð³ Ñ‚Ò¯Ñ€ Ñ�Ñ�Ð²Ñ�Ð» Ð±Ò¯Ñ€Ð¼Ó©Ñ�Ó©Ð½ Ñ…Ð°Ð´Ð³Ð°Ð».","creator":"Mozilla <screenshots-feedback@mozilla.com>","homepageURL":"https://github.com/mozilla-services/screenshots","developers":null,"translators":null,"contributors":null,"locales":["mn"]},{"name":"Firefox Screenshots","description":"Web sayfalarÄ±nÄ±n ekran gÃ¶rÃ¼ntÃ¼lerini alÄ±n, ister geÃ§ici ister kalÄ±cÄ± olarak kaydedin.","creator":"Mozilla <screenshots-feedback@mozilla.com>","homepageURL":"https://github.com/mozilla-services/screenshots","developers":null,"translators":null,"contributors":null,"locales":["tr"]},{"name":"Firefox Screenshots","description":"Take clips and screenshots from the Web and save them temporarily or permanently.","creator":"Mozilla <screenshots-feedback@mozilla.com>","homepageURL":"https://github.com/mozilla-services/screenshots","developers":null,"translators":null,"contributors":null,"locales":["en-CA"]},{"name":"Firefox Screenshots","description":"Haz capturas y recortes de la web y guÃ¡rdalos temporal o permanentemente.","creator":"Mozilla <screenshots-feedback@mozilla.com>","homepageURL":"https://github.com/mozilla-services/screenshots","developers":null,"translators":null,"contributors":null,"locales":["es-ES"]},{"name":"Firefox Screenshots","description":"à¤µà¥‡à¤¬à¤¬à¤¾à¤Ÿ à¤«à¥‹à¤Ÿà¥‹ à¤° à¤¸à¤¿à¤•à¥�à¤°à¤¿à¤¨à¤¸à¤Ÿ à¤¯à¤¾ à¤•à¥�à¤²à¤¿à¤ªà¤¹à¤°à¥‚ à¤²à¤¿à¤�à¤° à¤•à¥�à¤·à¤£à¤¿à¤• à¤µà¤¾ à¤¸à¤¦à¤¾à¤•à¥‹ à¤²à¤¾à¤—à¤¿ à¤¸à¤™à¥�à¤—à¥�à¤°à¤¹ à¤—à¤°à¥�à¤¨ à¥¤","creator":"Mozilla <screenshots-feedback@mozilla.com>","homepageURL":"https://github.com/mozilla-services/screenshots","developers":null,"translators":null,"contributors":null,"locales":["ne-NP"]},{"name":"Firefox Screenshots","description":"Maak clips en schermafbeeldingen van het web en sla deze tijdelijk of permanent op.","creator":"Mozilla <screenshots-feedback@mozilla.com>","homepageURL":"https://github.com/mozilla-services/screenshots","developers":null,"translators":null,"contributors":null,"locales":["nl"]}],"targetApplications":[{"id":"toolkit@mozilla.org","minVersion":"57.0a1","maxVersion":null}],"targetPlatforms":[],"seen":true,"dependencies":[],"userPermissions":{"permissions":["activeTab","downloads","tabs","storage","notifications","clipboardWrite","contextMenus","telemetry"],"origins":["<all_urls>","https://screenshots.firefox.com/","https://screenshots.firefox.com/*"]},"icons":{"32":"icons/icon-v2.svg"},"iconURL":null,"blocklistState":0,"blocklistURL":null,"startupData":null,"hidden":true,"installTelemetryInfo":null,"location":"app-system-defaults"}
1556023151783	addons.manager	DEBUG	Registering startup change 'installed' for webcompat-reporter@mozilla.org
1556023151784	addons.xpi	DEBUG	Loading bootstrap scope from C:\Program Files\Mozilla Firefox\browser\features\webcompat-reporter@mozilla.org.xpi
1556023151784	addons.xpi	DEBUG	Calling bootstrap method install on webcompat-reporter@mozilla.org version 1.1.0
1556023151784	addons.xpi-utils	DEBUG	Make addon app-system-defaults:webcompat-reporter@mozilla.org visible
1556023151785	addons.xpi	DEBUG	Updating XPIState for {"id":"webcompat-reporter@mozilla.org","syncGUID":"{a5bccacc-c7b0-48f1-b89b-d059028d9b6e}","version":"1.1.0","type":"extension","loader":null,"updateURL":null,"optionsURL":null,"optionsType":null,"optionsBrowserStyle":true,"aboutURL":null,"defaultLocale":{"name":"WebCompat Reporter","description":"Report site compatibility issues on webcompat.com","creator":"Thomas Wisniewski <twisniewski@mozilla.com>","homepageURL":"https://github.com/mozilla/webcompat-reporter","developers":null,"translators":null,"contributors":null},"visible":true,"active":false,"userDisabled":true,"appDisabled":false,"installDate":1554438540827,"updateDate":1554438540827,"applyBackgroundUpdates":1,"path":"C:\\Program Files\\Mozilla Firefox\\browser\\features\\webcompat-reporter@mozilla.org.xpi","skinnable":false,"sourceURI":null,"releaseNotesURI":null,"softDisabled":false,"foreignInstall":false,"strictCompatibility":true,"locales":[],"targetApplications":[{"id":"toolkit@mozilla.org","minVersion":null,"maxVersion":null}],"targetPlatforms":[],"seen":true,"dependencies":[],"userPermissions":{"permissions":["tabs"],"origins":["<all_urls>"]},"icons":{"16":"icons/lightbulb.svg","32":"icons/lightbulb.svg","48":"icons/lightbulb.svg","96":"icons/lightbulb.svg","128":"icons/lightbulb.svg"},"iconURL":null,"blocklistState":0,"blocklistURL":null,"startupData":null,"hidden":true,"installTelemetryInfo":null,"location":"app-system-defaults"}
1556023151821	addons.manager	DEBUG	Registering startup change 'installed' for webcompat@mozilla.org
1556023151822	addons.xpi	DEBUG	Loading bootstrap scope from C:\Program Files\Mozilla Firefox\browser\features\webcompat@mozilla.org.xpi
1556023151822	addons.xpi	DEBUG	Calling bootstrap method install on webcompat@mozilla.org version 3.0.2
1556023151822	addons.xpi-utils	DEBUG	Make addon app-system-defaults:webcompat@mozilla.org visible
1556023151823	addons.xpi	DEBUG	Updating XPIState for {"id":"webcompat@mozilla.org","syncGUID":"{808c2bab-de10-4801-8555-192d20d5a2e5}","version":"3.0.2","type":"extension","loader":null,"updateURL":null,"optionsURL":null,"optionsType":null,"optionsBrowserStyle":true,"aboutURL":null,"defaultLocale":{"name":"Web Compat","description":"Urgent post-release fixes for web compatibility.","creator":null,"developers":null,"translators":null,"contributors":null},"visible":true,"active":false,"userDisabled":false,"appDisabled":false,"installDate":1554438540772,"updateDate":1554438540772,"applyBackgroundUpdates":1,"path":"C:\\Program Files\\Mozilla Firefox\\browser\\features\\webcompat@mozilla.org.xpi","skinnable":false,"sourceURI":null,"releaseNotesURI":null,"softDisabled":false,"foreignInstall":false,"strictCompatibility":true,"locales":[],"targetApplications":[{"id":"toolkit@mozilla.org","minVersion":"59.0b5","maxVersion":null}],"targetPlatforms":[],"seen":true,"dependencies":[],"userPermissions":{"permissions":["webRequest","webRequestBlocking"],"origins":["<all_urls>"]},"icons":{},"iconURL":null,"blocklistState":0,"blocklistURL":null,"startupData":null,"hidden":true,"installTelemetryInfo":null,"location":"app-system-defaults"}
1556023151823	addons.xpi	DEBUG	Updating XPIState for {"id":"formautofill@mozilla.org","syncGUID":"{2029238c-8eb6-4950-87da-7f06f12ccc19}","version":"1.0","type":"extension","loader":null,"updateURL":null,"optionsURL":null,"optionsType":null,"optionsBrowserStyle":true,"aboutURL":null,"defaultLocale":{"name":"Form Autofill","creator":null,"developers":null,"translators":null,"contributors":null},"visible":true,"active":true,"userDisabled":false,"appDisabled":false,"installDate":1554438540902,"updateDate":1554438540902,"applyBackgroundUpdates":1,"path":"C:\\Program Files\\Mozilla Firefox\\browser\\features\\formautofill@mozilla.org.xpi","skinnable":false,"sourceURI":null,"releaseNotesURI":null,"softDisabled":false,"foreignInstall":false,"strictCompatibility":true,"locales":[],"targetApplications":[{"id":"toolkit@mozilla.org","minVersion":null,"maxVersion":null}],"targetPlatforms":[],"seen":true,"dependencies":[],"userPermissions":{"permissions":[],"origins":[]},"icons":{},"iconURL":null,"blocklistState":0,"blocklistURL":null,"startupData":null,"hidden":true,"installTelemetryInfo":null,"location":"app-system-defaults"}
1556023151824	addons.xpi	DEBUG	Updating XPIState for {"id":"screenshots@mozilla.org","syncGUID":"{0d0e6048-a233-4f7d-affb-d7fdac8a6949}","version":"35.0.0","type":"extension","loader":null,"updateURL":null,"optionsURL":null,"optionsType":null,"optionsBrowserStyle":true,"aboutURL":null,"defaultLocale":{"name":"Firefox Screenshots","description":"Take clips and screenshots from the Web and save them temporarily or permanently.","creator":"Mozilla <screenshots-feedback@mozilla.com>","homepageURL":"https://github.com/mozilla-services/screenshots","developers":null,"translators":null,"contributors":null},"visible":true,"active":true,"userDisabled":false,"appDisabled":false,"installDate":1549608143380,"updateDate":1549608143380,"applyBackgroundUpdates":1,"path":"C:\\Program Files\\Mozilla Firefox\\browser\\features\\screenshots@mozilla.org.xpi","skinnable":false,"sourceURI":null,"releaseNotesURI":null,"softDisabled":false,"foreignInstall":false,"strictCompatibility":true,"locales":[{"name":"Firefox Screenshots","description":"Take clips and screenshots from the Web and save them temporarily or permanently.","creator":"Mozilla <screenshots-feedback@mozilla.com>","homepageURL":"https://github.com/mozilla-services/screenshots","developers":null,"translators":null,"contributors":null,"locales":["en-US"]},{"name":"Firefox Screenshots","description":"ã‚¦ã‚§ãƒ–ã�‹ã‚‰ã‚¹ã‚¯ãƒªãƒ¼ãƒ³ã‚·ãƒ§ãƒƒãƒˆã‚’æ’®ã�£ã�¦ã€�ä¸€æ™‚çš„ã�¾ã�Ÿã�¯æ°¸ä¹…ã�«ã��ã‚Œã‚’ä¿�å­˜ã�—ã�¾ã�—ã‚‡ã�†ã€‚","creator":"Mozilla <screenshots-feedback@mozilla.com>","homepageURL":"https://github.com/mozilla-services/screenshots","developers":null,"translators":null,"contributors":null,"locales":["ja"]},{"name":"Firefox Screenshots","description":"Ta klipp og skjermbilder fra nettet og lagre de midlertidig eller permanent.","creator":"Mozilla <screenshots-feedback@mozilla.com>","homepageURL":"https://github.com/mozilla-services/screenshots","developers":null,"translators":null,"contributors":null,"locales":["nb-NO"]},{"name":"Firefox Screenshots","description":"Tee veebist klippe vÃµi ekraanipilte ning salvesta need ajutiselt vÃµi pÃ¼sivalt.","creator":"Mozilla <screenshots-feedback@mozilla.com>","homepageURL":"https://github.com/mozilla-services/screenshots","developers":null,"translators":null,"contributors":null,"locales":["et"]},{"name":"Firefox Screenshots","description":"Tire clipes e capturas de ecrÃ£ da Web e guarde-as temporariamente ou permanentemente.","creator":"Mozilla <screenshots-feedback@mozilla.com>","homepageURL":"https://github.com/mozilla-services/screenshots","developers":null,"translators":null,"contributors":null,"locales":["pt-PT"]},{"name":"Firefox Screenshots","description":"Cymrwch clipiau a lluniau sgrin o'r We a'u cadw dros dro neu'n barhaol.","creator":"Mozilla <screenshots-feedback@mozilla.com>","homepageURL":"https://github.com/mozilla-services/screenshots","developers":null,"translators":null,"contributors":null,"locales":["cy"]},{"name":"Firefox Screenshots","description":"WzejÅ›o klipy a fota wobrazowki z weba a skÅ‚adujÅ›o je nachylu abo na pÅ›ecej.","creator":"Mozilla <screenshots-feedback@mozilla.com>","homepageURL":"https://github.com/mozilla-services/screenshots","developers":null,"translators":null,"contributors":null,"locales":["dsb"]},{"name":"Firefox Screenshots","description":"Glac gearrthÃ³ga agus gabhÃ¡lacha scÃ¡ileÃ¡in Ã³n GhrÃ©asÃ¡n agus sÃ¡bhÃ¡il iad, go sealadach nÃ³ go buan.","creator":"Mozilla <screenshots-feedback@mozilla.com>","homepageURL":"https://github.com/mozilla-services/screenshots","developers":null,"translators":null,"contributors":null,"locales":["ga-IE"]},{"name":"Firefox Screenshots","description":"à°œà°¾à°²à°‚ à°¨à±�à°‚à°¡à°¿ à°•à°¤à±�à°¤à°¿à°°à°¿à°‚à°ªà±�à°²à°¨à±� à°¤à±†à°°à°ªà°Ÿà±�à°²à°¨à±� à°¤à±€à°¸à±�à°•à±Šà°¨à°¿, à°µà°¾à°Ÿà°¿à°¨à°¿ à°¤à°¾à°¤à±�à°•à°¾à°²à°¿à°•à°‚à°—à°¾ à°²à±‡à°¦à°¾ à°¶à°¾à°¶à±�à°µà°¤à°‚à°—à°¾ à°­à°¦à±�à°°à°ªà°°à°šà°•à±‹à°‚à°¡à°¿.","creator":"Mozilla <screenshots-feedback@mozilla.com>","homepageURL":"https://github.com/mozilla-services/screenshots","developers":null,"translators":null,"contributors":null,"locales":["te"]},{"name":"Firefox Screenshots","description":"Take clips and screenshots from the Web and save them temporarily or permanently.","creator":"Mozilla <screenshots-feedback@mozilla.com>","homepageURL":"https://github.com/mozilla-services/screenshots","developers":null,"translators":null,"contributors":null,"locales":["ast"]},{"name":"Firefox Screenshots","description":"Effectuez des captures dâ€™Ã©cran sur le Web et sauvegardez-les de maniÃ¨re temporaire ou permanente.","creator":"Mozilla <screenshots-feedback@mozilla.com>","homepageURL":"https://github.com/mozilla-services/screenshots","developers":null,"translators":null,"contributors":null,"locales":["fr"]},{"name":"Firefox Screenshots","description":"Dalhin ang clip at mga screenshot mula sa Web at i-save ang mga ito pansamantala o permanente.","creator":"Mozilla <screenshots-feedback@mozilla.com>","homepageURL":"https://github.com/mozilla-services/screenshots","developers":null,"translators":null,"contributors":null,"locales":["tl"]},{"name":"Firefox Screenshots","description":"Take clips and screenshots from the Web and save them temporarily or permanently.","creator":"Mozilla <screenshots-feedback@mozilla.com>","homepageURL":"https://github.com/mozilla-services/screenshots","developers":null,"translators":null,"contributors":null,"locales":["km"]},{"name":"Firefox Screenshots","description":"ÐŸÑ€Ð°Ð²Ð¸ ÐºÐ»Ð¸Ð¿Ð¾Ð²Ðµ Ð¸ Ñ�Ð½Ð¸Ð¼ÐºÐ¸ Ð½Ð° ÑƒÐµÐ±Ñ�Ñ‚Ñ€Ð°Ð½Ð¸Ñ†Ð° Ð¸ Ð³Ð¸ Ð·Ð°Ð¿Ð°Ð·Ð²Ð° Ð²Ñ€ÐµÐ¼ÐµÐ½Ð½Ð¾ Ð¸Ð»Ð¸ Ð·Ð° Ð¿Ð¾Ñ�Ñ‚Ð¾Ñ�Ð½Ð½Ð¾.","creator":"Mozilla <screenshots-feedback@mozilla.com>","homepageURL":"https://github.com/mozilla-services/screenshots","developers":null,"translators":null,"contributors":null,"locales":["bg"]},{"name":"Firefox Screenshots","description":"Rekam klip dan tangkapan layar dari Web dan simpan untuk sementara atau secara permanen.","creator":"Mozilla <screenshots-feedback@mozilla.com>","homepageURL":"https://github.com/mozilla-services/screenshots","developers":null,"translators":null,"contributors":null,"locales":["id"]},{"name":"Firefox Screenshots","description":"Hartu webetik pantaila-zatiak eta -argazkiak eta gorde aldi baterako edo behin betiko.","creator":"Mozilla <screenshots-feedback@mozilla.com>","homepageURL":"https://github.com/mozilla-services/screenshots","developers":null,"translators":null,"contributors":null,"locales":["eu"]},{"name":"Firefox Screenshots","description":"PoÅ™izujte snÃ­mky webovÃ½ch strÃ¡nek a uklÃ¡dejte je doÄ�asnÄ› nebo natrvalo.","creator":"Mozilla <screenshots-feedback@mozilla.com>","homepageURL":"https://github.com/mozilla-services/screenshots","developers":null,"translators":null,"contributors":null,"locales":["cs"]},{"name":"Firefox Screenshots","description":"àªµà«‡àª¬àª®àª¾àª‚àª¥à«€ àª•à«�àª²àª¿àªªà«�àª¸ àª…àª¨à«‡ àª¸à«�àª•à«�àª°à«€àª¨àª¶à«‰àªŸà«�àª¸ àª²à«‹ àª…àª¨à«‡ àª¤à«‡àª®àª¨à«‡ àª•àª¾àª®àªšàª²àª¾àª‰ àª…àª¥àªµàª¾ àª•àª¾àª¯àª®à«€ àª°à«€àª¤à«‡ àª¸àª¾àªšàªµà«‹.","creator":"Mozilla<screenshots-feedback@mozilla.com>","homepageURL":"https://github.com/mozilla-services/screenshots","developers":null,"translators":null,"contributors":null,"locales":["gu-IN"]},{"name":"Firefox Screenshots","description":"KÃ©szÃ­tsen videoklipeket Ã©s kÃ©pernyÅ‘kÃ©peket a webrÅ‘l, Ã©s mentse Å‘ket ideiglenesen vagy vÃ©glegesen.","creator":"Mozilla <screenshots-feedback@mozilla.com>","homepageURL":"https://github.com/mozilla-services/screenshots","developers":null,"translators":null,"contributors":null,"locales":["hu"]},{"name":"Firefox Screenshots","description":"Take clips and screenshots from the Web and save them temporarily or permanently.","creator":"Mozilla <screenshots-feedback@mozilla.com>","homepageURL":"https://github.com/mozilla-services/screenshots","developers":null,"translators":null,"contributors":null,"locales":["kn"]},{"name":"Firefox Screenshots","description":"Ke'achapa' silowachib'al chuqa' chapoj wachib'Ã¤l pan Ajk'amaya'l richin ye'ayÃ¤k.","creator":"Mozilla <screenshots-feedback@mozilla.com>","homepageURL":"https://github.com/mozilla-services/screenshots","developers":null,"translators":null,"contributors":null,"locales":["cak"]},{"name":"Firefox Screenshots","description":"Toma capturas de un sitio Web para guardarlas de forma temporal o permanentemente.","creator":"Mozilla <screenshots-feedback@mozilla.com>","homepageURL":"https://github.com/mozilla-services/screenshots","developers":null,"translators":null,"contributors":null,"locales":["es-CL"]},{"name":"Firefox Screenshots","description":"Ð Ð¾Ð±Ñ–Ñ‚ÑŒ Ð²Ð¸Ñ€Ñ–Ð·ÐºÐ¸ Ñ‚Ð° Ð·Ð½Ñ–Ð¼ÐºÐ¸ ÐµÐºÑ€Ð°Ð½Ñƒ Ð² Ð†Ð½Ñ‚ÐµÑ€Ð½ÐµÑ‚Ñ– Ñ‚Ð° Ð·Ð±ÐµÑ€Ñ–Ð³Ð°Ð¹Ñ‚Ðµ Ñ—Ñ… Ð´Ð»Ñ� Ð¿Ð¾Ð´Ð°Ð»ÑŒÑˆÐ¾Ñ— Ñ€Ð¾Ð±Ð¾Ñ‚Ð¸.","creator":"Mozilla <screenshots-feedback@mozilla.com>","homepageURL":"https://github.com/mozilla-services/screenshots","developers":null,"translators":null,"contributors":null,"locales":["uk"]},{"name":"Firefox Screenshots","description":"ÙˆÛŒØ¨ Ø³Û’ Ú©Ù„Ù„Ø¨Ø³ ÛŒØ§Ø§ Ø§Ø³Ú©Ø±ÛŒÙ† Ø´Ø§Ù¹ÛŒÚº Ù„ÛŒÚº Ø§ÙˆØ± Ø§Ù† Ú©Ùˆ Ø¹Ø§Ø±Ø¸ÛŒ ÛŒØ§ Ù…Ø³ØªÙ‚Ù„ Ø·ÙˆØ± Ù¾Ø± Ù…Ø­Ù�ÙˆØ¸ Ú©Ø±ÛŒÚºÛ”","creator":"Mozilla <screenshots-feedback@mozilla.com>","homepageURL":"https://github.com/mozilla-services/screenshots","developers":null,"translators":null,"contributors":null,"locales":["ur"]},{"name":"Firefox Screenshots","description":"Prenu eltondaÄµon aÅ­ faru ekrankopiojn de retpaÄ�oj kaj konservu ilin Ä‰u daÅ­re Ä‰u provizore.","creator":"Mozilla <screenshots-feedback@mozilla.com>","homepageURL":"https://github.com/mozilla-services/screenshots","developers":null,"translators":null,"contributors":null,"locales":["eo"]},{"name":"Firefox Screenshots","description":"Take clips and screenshots from the Web and save them temporarily or permanently.","creator":"Mozilla <screenshots-feedback@mozilla.com>","homepageURL":"https://github.com/mozilla-services/screenshots","developers":null,"translators":null,"contributors":null,"locales":["si"]},{"name":"Firefox Screenshots","description":"Ta klipp och skÃ¤rmbilder frÃ¥n webben och spara dem tillfÃ¤lligt eller permanent.","creator":"Mozilla <screenshots-feedback@mozilla.com>","homepageURL":"https://github.com/mozilla-services/screenshots","developers":null,"translators":null,"contributors":null,"locales":["sv-SE"]},{"name":"Firefox Screenshots","description":"Ta klipp og skjermbilde frÃ¥ nettet og lagre dei mellombels eller permanent.","creator":"Mozilla <screenshots-feedback@mozilla.com>","homepageURL":"https://github.com/mozilla-services/screenshots","developers":null,"translators":null,"contributors":null,"locales":["nn-NO"]},{"name":"Firefox Screenshots","description":"Ø®Ø° Ù…Ù‚Ø§Ø·Ø¹ ÙˆÂ Ù„Ù‚Ø·Ø§Øª Ù…Ù† Ø§Ù„ÙˆØ¨ ÙˆÂ Ø§Ø­Ù�Ø¸Ù‡Ù… Ù…Ø¤Ù‚ØªÙ‹Ø§ Ø£Ùˆ Ø¯Ø§Ø¦Ù…Ù‹Ø§.","creator":"Ù…ÙˆØ²ÙŠÙ„Ø§ <screenshots-feedback@mozilla.com>","homepageURL":"https://github.com/mozilla-services/screenshots","developers":null,"translators":null,"contributors":null,"locales":["ar"]},{"name":"Firefox Screenshots","description":"Chá»¥p áº£nh vÃ  chá»¥p mÃ n hÃ¬nh tá»« Web vÃ  lÆ°u chÃºng táº¡m thá»�i hoáº·c vÄ©nh viá»…n.","creator":"Mozilla <screenshots-feedback@mozilla.com>","homepageURL":"https://github.com/mozilla-services/screenshots","developers":null,"translators":null,"contributors":null,"locales":["vi"]},{"name":"Firefox Screenshots","description":"Æ³ettu kilip walla nattal yaynirde rewrude e geese, ndaÉ—ndaa É—um e mudda walla e ko duumii.","creator":"Mozilla <screenshots-feedback@mozilla.com>","homepageURL":"https://github.com/mozilla-services/screenshots","developers":null,"translators":null,"contributors":null,"locales":["ff"]},{"name":"Firefox Screenshots","description":"áƒ’áƒ�áƒ“áƒ�áƒ£áƒ¦áƒ”áƒ— áƒ•áƒ˜áƒ“áƒ”áƒ�áƒ”áƒ‘áƒ˜ áƒ“áƒ� áƒ¡áƒ£áƒ áƒ�áƒ—áƒ”áƒ‘áƒ˜ áƒ•áƒ”áƒ‘áƒ’áƒ•áƒ”áƒ áƒ“áƒ”áƒ‘áƒ¡ áƒ“áƒ� áƒ¨áƒ”áƒ˜áƒœáƒ�áƒ®áƒ”áƒ— áƒ“áƒ áƒ�áƒ”áƒ‘áƒ˜áƒ—, áƒ�áƒœ áƒ›áƒ£áƒ“áƒ›áƒ˜áƒ•áƒ�áƒ“.","creator":"Mozilla <screenshots-feedback@mozilla.com>","homepageURL":"https://github.com/mozilla-services/screenshots","developers":null,"translators":null,"contributors":null,"locales":["ka"]},{"name":"Firefox Screenshots","description":"ì›¹ íŽ˜ì�´ì§€ë¥¼ ì°�ê±°ë‚˜ ì˜�ìƒ�ìœ¼ë¡œ ë§Œë“¤ì–´ ìž„ì‹œë¡œ, í˜¹ì�€ ì˜�êµ¬ížˆ ë³´ê´€í•˜ì„¸ìš”.","creator":"Mozilla <screenshots-feedback@mozilla.com>","homepageURL":"https://github.com/mozilla-services/screenshots","developers":null,"translators":null,"contributors":null,"locales":["ko"]},{"name":"Firefox Screenshots","description":"Tog cliopaichean is glacaidhean-sgrÃ¬n on lÃ¬on is sÃ bhail iad rÃ¨ seal no gu buan.","creator":"Mozilla <screenshots-feedback@mozilla.com>","homepageURL":"https://github.com/mozilla-services/screenshots","developers":null,"translators":null,"contributors":null,"locales":["gd"]},{"name":"Firefox Screenshots","description":"Cattura schermate di contenuti sul Web e salvali, per un periodo di tempo limitato o in modo permanente.","creator":"Mozilla <screenshots-feedback@mozilla.com>","homepageURL":"https://github.com/mozilla-services/screenshots","developers":null,"translators":null,"contributors":null,"locales":["it"]},{"name":"Firefox Screenshots","description":"TomÃ¡ imÃ¡genes y capturas de la web y guardalos temporal o permanentemente.","creator":"Mozilla <screenshots-feedback@mozilla.com>","homepageURL":"https://github.com/mozilla-services/screenshots","developers":null,"translators":null,"contributors":null,"locales":["es-AR"]},{"name":"Firefox Screenshots","description":"Internetdan lavha va skrinshotlar oling hamda ularni vaqtincha yoki butunlay saqlab oling.","creator":"Mozilla <screenshots-feedback@mozilla.com>","homepageURL":"https://github.com/mozilla-services/screenshots","developers":null,"translators":null,"contributors":null,"locales":["uz"]},{"name":"Firefox Screenshots","description":"Darykite iÅ¡karpas ir ekrano nuotraukos su interneto turiniu bei saugokite jas laikinai arba visÄ…laik.","creator":"â€žMozillaâ€œ <screenshots-feedback@mozilla.com>","homepageURL":"https://github.com/mozilla-services/screenshots","developers":null,"translators":null,"contributors":null,"locales":["lt"]},{"name":"Firefox Screenshots","description":"PÃ«rftoni copÃ«za dhe bÃ«ni foto nÃ« Web dhe ruajini ato pÃ«rkohÃ«sisht ose pÃ«rfundimisht.","creator":"Mozilla <screenshots-feedback@mozilla.com>","homepageURL":"https://github.com/mozilla-services/screenshots","developers":null,"translators":null,"contributors":null,"locales":["sq"]},{"name":"Firefox Screenshots","description":"Tomar clips y capturas de pantalla de la web y guardarlos temporalmente o permanentemente.","creator":"Mozilla <screenshots-feedback@mozilla.com>","homepageURL":"https://github.com/mozilla-services/screenshots","developers":null,"translators":null,"contributors":null,"locales":["es-MX"]},{"name":"Firefox Screenshots","description":"à®µà®²à¯ˆà®ªà®•à¯�à®•à®™à¯�à®•à®³à¯ˆ à®¨à®¿à®°à®¨à¯�à®¤à®°à®®à®¾à®• (à®…) à®¤à®±à¯�à®•à®¾à®²à®¿à®•à®®à®¾à®• à®¤à¯�à®£à¯�à®•à¯�à®•à¯�à®•à®³à®¾à®• (à®…) à®¤à®¿à®°à¯ˆà®ªà¯�à®ªà®¿à®Ÿà®¿à®ªà¯�à®ªà¯�à®•à®³à®¾à®• à®šà¯‡à®®à®¿à®¯à¯�à®™à¯�à®•à®³à¯�.","creator":"à®®à¯Šà®šà®¿à®²à¯�à®²à®¾ <screenshots-feedback@mozilla.com>","homepageURL":"https://github.com/mozilla-services/screenshots","developers":null,"translators":null,"contributors":null,"locales":["ta"]},{"name":"Firefox Screenshots","description":"Web sÉ™hifÉ™lÉ™rin ekran gÃ¶rÃ¼ntÃ¼lÉ™rini alÄ±n, mÃ¼vÉ™qqÉ™ti vÉ™ ya qalÄ±cÄ± saxlayÄ±n.","creator":"Mozilla <screenshots-feedback@mozilla.com>","homepageURL":"https://github.com/mozilla-services/screenshots","developers":null,"translators":null,"contributors":null,"locales":["az"]},{"name":"Firefox Screenshots","description":"Ð—ÐµÐ¼ÐµÑ‚Ðµ Ð¸Ñ�ÐµÑ‡Ð¾Ñ†Ð¸ Ð¸ Ñ�Ð»Ð¸ÐºÐ¸ Ð¾Ð´ Ð˜Ð½Ñ‚ÐµÑ€Ð½ÐµÑ‚ Ð¸ Ð·Ð°Ñ‡ÑƒÐ²Ð°Ñ˜Ñ‚Ðµ Ð³Ð¸ Ð¿Ñ€Ð¸Ð²Ñ€ÐµÐ¼ÐµÐ½Ð¾ Ð¸Ð»Ð¸ Ñ‚Ñ€Ð°Ñ˜Ð½Ð¾.","creator":"Mozilla <screenshots-feedback@mozilla.com>","homepageURL":"https://github.com/mozilla-services/screenshots","developers":null,"translators":null,"contributors":null,"locales":["mk"]},{"name":"Firefox Screenshots","description":"à¸ˆà¸±à¸šà¸ à¸²à¸žà¸«à¸™à¹‰à¸²à¸ˆà¸­à¸ˆà¸²à¸�à¹€à¸§à¹‡à¸šà¹�à¸¥à¸°à¸šà¸±à¸™à¸—à¸¶à¸�à¹„à¸§à¹‰à¸Šà¸±à¹ˆà¸§à¸„à¸£à¸²à¸§à¸«à¸£à¸·à¸­à¸–à¸²à¸§à¸£","creator":"Mozilla <screenshots-feedback@mozilla.com>","homepageURL":"https://github.com/mozilla-services/screenshots","developers":null,"translators":null,"contributors":null,"locales":["th"]},{"name":"Firefox Screenshots","description":"Erstellen Sie Bildschirmfotos von vollstÃ¤ndigen Webseiten oder Ausschnitten und speichern Sie diese temporÃ¤r oder dauerhaft.","creator":"Mozilla <screenshots-feedback@mozilla.com>","homepageURL":"https://github.com/mozilla-services/screenshots","developers":null,"translators":null,"contributors":null,"locales":["de"]},{"name":"Firefox Screenshots","description":"Take clips and screenshots from the Web and save them temporarily or permanently.","creator":"Mozilla <screenshots-feedback@mozilla.com>","homepageURL":"https://github.com/mozilla-services/screenshots","developers":null,"translators":null,"contributors":null,"locales":["en-GB"]},{"name":"Firefox Screenshots","description":"à¤µà¥‡à¤¬à¤µà¤°à¥‚à¤¨ à¤•à¥�à¤²à¤¿à¤ª à¤†à¤£à¤¿ à¤¸à¥�à¤•à¥�à¤°à¥€à¤¨à¤¶à¥‰à¤Ÿ à¤˜à¥�à¤¯à¤¾ à¤†à¤£à¤¿ à¤¤à¥�à¤¯à¤¾à¤‚à¤¨à¤¾ à¤¤à¤¾à¤¤à¥�à¤ªà¥�à¤°à¤¤à¥‡ à¤•à¤¿à¤‚à¤µà¤¾ à¤•à¤¾à¤¯à¤®à¤šà¥‡ à¤œà¤¤à¤¨ à¤•à¤°à¤¾.","creator":"Mozilla <screenshots-feedback@mozilla.com>","homepageURL":"https://github.com/mozilla-services/screenshots","developers":null,"translators":null,"contributors":null,"locales":["mr"]},{"name":"Firefox Screenshots","description":"WzmiÄ‡e klipy a fota wobrazowki z weba a skÅ‚adujÄ‡e je nachwilu abo na pÅ™eco.","creator":"Mozilla <screenshots-feedback@mozilla.com>","homepageURL":"https://github.com/mozilla-services/screenshots","developers":null,"translators":null,"contributors":null,"locales":["hsb"]},{"name":"Firefox Screenshots","description":"á€�á€˜á€ºá€‘á€¶á€™á€¾ á€“á€«á€�á€ºá€•á€¯á€¶á€™á€»á€¬á€¸á€”á€¾á€„á€·á€º á€™á€»á€€á€ºá€”á€¾á€¬á€•á€¼á€„á€ºá€•á€¯á€¶á€–á€™á€ºá€¸á€�á€»á€€á€ºá€™á€»á€¬á€¸á€€á€­á€¯ á€›á€­á€¯á€€á€ºá€šá€°á€•á€¼á€®á€¸ á€šá€¬á€šá€® á€žá€­á€¯á€·á€™á€Ÿá€¯á€�á€º á€¡á€™á€¼á€²á€�á€™á€ºá€¸á€žá€­á€¯á€œá€¾á€±á€¬á€„á€ºá€›á€¬á€�á€½á€„á€º á€žá€­á€™á€ºá€¸á€†á€Šá€ºá€¸á€•á€«á�‹","creator":"Mozilla <screenshots-feedback@mozilla.com>","homepageURL":"https://github.com/mozilla-services/screenshots","developers":null,"translators":null,"contributors":null,"locales":["my"]},{"name":"Firefox Screenshots","description":"Fai maletgs da visur dal web ed als memorisescha temporarmain u permanentamain.","creator":"Mozilla <screenshots-feedback@mozilla.com>","homepageURL":"https://github.com/mozilla-services/screenshots","developers":null,"translators":null,"contributors":null,"locales":["rm"]},{"name":"Firefox Screenshots","description":"Take clips and screenshots from the Web and save them temporarily or permanently.","creator":"Mozilla <screenshots-feedback@mozilla.com>","homepageURL":"https://github.com/mozilla-services/screenshots","developers":null,"translators":null,"contributors":null,"locales":["gl"]},{"name":"Firefox Screenshots","description":"à¦“à¦¯à¦¼à§‡à¦¬ à¦¥à§‡à¦•à§‡ à¦•à§�à¦²à¦¿à¦ª à¦�à¦¬à¦‚ à¦¸à§�à¦•à§�à¦°à¦¿à¦¨à¦¶à¦Ÿ à¦¨à¦¿à¦¨ à¦�à¦¬à¦‚ à¦¸à§‡à¦—à§�à¦²à§‹ à¦¸à¦¾à¦®à¦¯à¦¼à¦¿à¦•à¦­à¦¾à¦¬à§‡ à¦¬à¦¾ à¦¸à§�à¦¥à¦¾à¦¯à¦¼à§€à¦­à¦¾à¦¬à§‡ à¦¸à¦‚à¦°à¦•à§�à¦·à¦£ à¦•à¦°à§�à¦¨à¥¤","creator":"Mozilla <screenshots-feedback@mozilla.com>","homepageURL":"https://github.com/mozilla-services/screenshots","developers":null,"translators":null,"contributors":null,"locales":["bn-BD"]},{"name":"Firefox Screenshots","description":"Feu captures de pantalla de pÃ gines web i deseu-les temporalment o per sempre.","creator":"Mozilla <screenshots-feedback@mozilla.com>","homepageURL":"https://github.com/mozilla-services/screenshots","developers":null,"translators":null,"contributors":null,"locales":["ca"]},{"name":"Firefox Screenshots","description":"Meitsje skermÃ´fdrukken of klips fan it web en bewarje se tydlik of permanint.","creator":"Mozilla <screenshots-feedback@mozilla.com>","homepageURL":"https://github.com/mozilla-services/screenshots","developers":null,"translators":null,"contributors":null,"locales":["fy-NL"]},{"name":"Firefox Screenshots","description":"Vytvorte si snÃ­mky obrazovky na webe a uloÅ¾te si ich doÄ�asne Ä�i navÅ¾dy.","creator":"Mozilla <screenshots-feedback@mozilla.com>","homepageURL":"https://github.com/mozilla-services/screenshots","developers":null,"translators":null,"contributors":null,"locales":["sk"]},{"name":"Firefox Screenshots","description":"Take clips and screenshots from the Web and save them temporarily or permanently.","creator":"Mozilla <screenshots-feedback@mozilla.com>","homepageURL":"https://github.com/mozilla-services/screenshots","developers":null,"translators":null,"contributors":null,"locales":["mai"]},{"name":"Firefox Screenshots","description":"Ð‘ÐµÐ»ÐµÐ¶Ð¸Ñ‚Ðµ Ñ�Ð½Ð¸Ð¼ÐºÐµ ÐµÐºÑ€Ð°Ð½Ð° Ñ�Ð° Ð²ÐµÐ±Ð° Ð¸ Ñ�Ð°Ñ‡ÑƒÐ²Ð°Ñ˜Ñ‚Ðµ Ð¸Ñ… Ð¿Ñ€Ð¸Ð²Ñ€ÐµÐ¼ÐµÐ½Ð¾ Ð¸Ð»Ð¸ Ñ‚Ñ€Ð°Ñ˜Ð½Ð¾.","creator":"Mozilla <screenshots-feedback@mozilla.com>","homepageURL":"https://github.com/mozilla-services/screenshots","developers":null,"translators":null,"contributors":null,"locales":["sr"]},{"name":"Firefox Screenshots","description":"Ø§Ø² ÙˆØ¨ Ø¹Ú©Ø³ Ø¨Ú¯ÛŒØ±ÛŒØ¯ Ùˆ Ú©Ù„ÛŒÙ¾ Ø¨Ø³Ø§Ø²ÛŒØ¯ Ùˆ Ø¨Ù‡ ØµÙˆØ±Øª Ù…ÙˆÙ‚Øª ÛŒØ§ Ø¯Ø§ÛŒÙ…ÛŒ Ø°Ø®ÛŒØ±Ù‡ Ú©Ù†ÛŒØ¯.","creator":"Ù…ÙˆØ²ÛŒÙ„Ø§ <screenshots-feedback@mozilla.com>","homepageURL":"https://github.com/mozilla-services/screenshots","developers":null,"translators":null,"contributors":null,"locales":["fa"]},{"name":"Firefox Screenshots","description":"à´µàµ†à´¬à´¿àµ½ à´¨à´¿à´¨àµ�à´¨àµ� à´•àµ�à´²à´¿à´ªàµ�à´ªàµ�à´•à´³àµ�à´‚ à´¸àµ�à´•àµ�à´°àµ€àµ»à´·àµ‡à´¾à´Ÿàµ�à´Ÿàµ�à´•à´³àµ�à´‚ à´Žà´Ÿàµ�à´¤àµ�à´¤àµ� à´…à´µ à´¤à´¾àµ½à´•àµ�à´•à´¾à´²à´¿à´•à´®à´¾à´¯àµ‹ à´…à´²àµ�à´²àµ†à´™àµ�à´•à´¿àµ½ à´¸àµ�à´¥à´¿à´°à´®à´¾à´¯àµ‹ à´¸à´‚à´°à´•àµ�à´·à´¿à´•àµ�à´•àµ�à´•.","creator":"à´®àµ‡à´¾à´¸à´¿à´²àµ�à´² <screenshots-feedback@mozilla.com>","homepageURL":"https://github.com/mozilla-services/screenshots","developers":null,"translators":null,"contributors":null,"locales":["ml"]},{"name":"Firefox Screenshots","description":"Fanni de fÃ¶to do schermo da-o Web e sarvale in mÃ²ddo tenporaneo Ã² cin mÃ²ddo che restan.","creator":"Mozilla <screenshots-feedback@mozilla.com>","homepageURL":"https://github.com/mozilla-services/screenshots","developers":null,"translators":null,"contributors":null,"locales":["lij"]},{"name":"Firefox Screenshots","description":"Ambil klip dan skrinsyot dari Web dan simpan untuk sementara waktu atau kekal.","creator":"Mozilla <screenshots-feedback@mozilla.com>","homepageURL":"https://github.com/mozilla-services/screenshots","developers":null,"translators":null,"contributors":null,"locales":["ms"]},{"name":"Firefox Screenshots","description":"Prende retalios video e instantaneos de schermo ab le Web e salva los temporarimente o permanentemente.","creator":"Mozilla <screenshots-feedback@mozilla.com>","homepageURL":"https://github.com/mozilla-services/screenshots","developers":null,"translators":null,"contributors":null,"locales":["ia"]},{"name":"Firefox Screenshots","description":"æˆªå�–ç½‘é¡µæˆªå›¾ï¼Œå�¯ä¸´æ—¶æˆ–æ°¸ä¹…å­˜å‚¨ã€‚","creator":"Mozilla <screenshots-feedback@mozilla.com>","homepageURL":"https://github.com/mozilla-services/screenshots","developers":null,"translators":null,"contributors":null,"locales":["zh-CN"]},{"name":"Firefox Screenshots","description":"Ð”ÐµÐ»Ð°Ð¹Ñ‚Ðµ Ð²Ñ‹Ñ€ÐµÐ·ÐºÐ¸ Ð¸ Ñ�ÐºÑ€Ð¸Ð½ÑˆÐ¾Ñ‚Ñ‹ Ð¸Ð· Ð˜Ð½Ñ‚ÐµÑ€Ð½ÐµÑ‚Ð° Ð¸ Ñ�Ð¾Ñ…Ñ€Ð°Ð½Ñ�Ð¹Ñ‚Ðµ Ð¸Ñ… Ð²Ñ€ÐµÐ¼ÐµÐ½Ð½Ð¾ Ð¸Ð»Ð¸ Ð½Ð°Ð²Ñ�ÐµÐ³Ð´Ð°.","creator":"Mozilla <screenshots-feedback@mozilla.com>","homepageURL":"https://github.com/mozilla-services/screenshots","developers":null,"translators":null,"contributors":null,"locales":["ru"]},{"name":"Firefox Screenshots","description":"Tapit skeudennoÃ¹ war ar Web hag enrollit anezho e-pad ur mare pe da viken.","creator":"Mozilla <screenshots-feedback@mozilla.com>","homepageURL":"https://github.com/mozilla-services/screenshots","developers":null,"translators":null,"contributors":null,"locales":["br"]},{"name":"Firefox Screenshots","description":"TwÃ³rz wycinki iÂ zrzuty stron internetowych iÂ zapisuj je tymczasowo lub trwale.","creator":"Mozilla <screenshots-feedback@mozilla.com>","homepageURL":"https://github.com/mozilla-services/screenshots","developers":null,"translators":null,"contributors":null,"locales":["pl"]},{"name":"Firefox Screenshots","description":"AÄŸ'dan tÃ¼yremeler ve ekran kÃ¶rÃ¼ntilerini al ve olarnÄ± muvaqqat yaki payidar olaraq saqla.","creator":"Mozilla <screenshots-feedback@mozilla.com>","homepageURL":"https://github.com/mozilla-services/screenshots","developers":null,"translators":null,"contributors":null,"locales":["crh"]},{"name":"Firefox Screenshots","description":"à¤µà¥‡à¤¬ à¤¸à¥‡ à¥žà¥‹à¤Ÿà¥‹ à¤”à¤° à¤¸à¥�à¤•à¥�à¤°à¥€à¤¨à¤¶à¥‰à¤Ÿ à¤²à¥‡à¤‚ à¤”à¤° à¤‰à¤¨à¥�à¤¹à¥‡à¤‚ à¤…à¤¸à¥�à¤¥à¤¾à¤¯à¥€ à¤¯à¤¾ à¤¸à¥�à¤¥à¤¾à¤¯à¥€ à¤°à¥‚à¤ª à¤¸à¥‡ à¤¸à¤¹à¥‡à¤œà¥‡à¤‚.","creator":"Mozilla <screenshots-feedback@mozilla.com>","homepageURL":"https://github.com/mozilla-services/screenshots","developers":null,"translators":null,"contributors":null,"locales":["hi-IN"]},{"name":"Firefox Screenshots","description":"àº–à»ˆàº²àº�àº„àº£àº´àºš à»�àº¥àº° àºžàº²àºšàº«àº™à»‰àº²àºˆà»�àºˆàº²àº�àº«àº™à»‰àº²à»€àº§àº±àºš à»�àº¥à»‰àº§àºšàº±àº™àº—àº¶àº�à»„àº§à»‰àºŠàº»à»ˆàº§àº„àº²àº§ àº«àº¥àº· àº–àº²àº§àº­àº™.","creator":"Mozilla <screenshots-feedback@mozilla.com>","homepageURL":"https://github.com/mozilla-services/screenshots","developers":null,"translators":null,"contributors":null,"locales":["lo"]},{"name":"Firefox Screenshots","description":"Zajemajte posnetke zaslona s spleta ter jih shranite zaÄ�asno ali trajno.","creator":"Mozilla <screenshots-feedback@mozilla.com>","homepageURL":"https://github.com/mozilla-services/screenshots","developers":null,"translators":null,"contributors":null,"locales":["sl"]},{"name":"Firefox Screenshots","description":"Snimite ili slikajte stvari s Weba te ih spremite privremeno ili trajno.","creator":"Mozilla <screenshots-feedback@mozilla.org>","homepageURL":"https://github.com/mozilla-services/screenshots","developers":null,"translators":null,"contributors":null,"locales":["hr"]},{"name":"Firefox Screenshots","description":"Ota leikkeitÃ¤ ja kuvakaappauksia verkosta ja tallenna ne tilapÃ¤isesti tai pysyvÃ¤sti.","creator":"Mozilla <screenshots-feedback@mozilla.com>","homepageURL":"https://github.com/mozilla-services/screenshots","developers":null,"translators":null,"contributors":null,"locales":["fi"]},{"name":"Firefox Screenshots","description":"Mak vidio ma ki ngolo macego cego ki cal me wang kio ki i Kakube ka igwok gi pi tutunu onyo matwal.","creator":"Mozilla <screenshots-feedback@mozilla.com>","homepageURL":"https://github.com/mozilla-services/screenshots","developers":null,"translators":null,"contributors":null,"locales":["ach"]},{"name":"Firefox Screenshots","description":"Ð˜Ð½Ñ‚ÐµÑ€Ð½ÐµÑ‚Ñ‚ÐµÐ½ Ñ�ÐºÑ€Ð¸Ð½ÑˆÐ¾Ñ‚Ñ‚Ð°Ñ€Ð´Ñ‹ Ñ‚Ò¯Ñ�Ñ–Ñ€Ñ–Ð¿, Ð¾Ð»Ð°Ñ€Ð´Ñ‹ ÑƒÐ°Ò›Ñ‹Ñ‚ÑˆÐ° Ð½ÐµÐ¼ÐµÑ�Ðµ Ñ‚Ò±Ñ€Ð°Ò›Ñ‚Ñ‹ Ñ‚Ò¯Ñ€Ð´Ðµ Ñ�Ð°Ò›Ñ‚Ð°Ò£Ñ‹Ð·.","creator":"Mozilla <screenshots-feedback@mozilla.com>","homepageURL":"https://github.com/mozilla-services/screenshots","developers":null,"translators":null,"contributors":null,"locales":["kk"]},{"name":"Firefox Screenshots","description":"Ð Ð°Ð±Ñ–Ñ†Ðµ ÐºÐ»Ñ–Ð¿Ñ‹ Ñ– Ð·Ð´Ñ‹Ð¼ÐºÑ– Ñ�ÐºÑ€Ð°Ð½Ð° Ñž Ð¡ÐµÑ†Ñ–Ð²Ðµ Ñ– Ð·Ð°Ñ…Ð¾ÑžÐ²Ð°Ð¹Ñ†Ðµ Ñ–Ñ… Ñ‡Ð°Ñ�Ð¾Ð²Ð° Ð°Ð±Ð¾ Ð½Ð°Ð·Ð°ÑžÐ¶Ð´Ñ‹.","creator":"Mozilla <screenshots-feedback@mozilla.com>","homepageURL":"https://github.com/mozilla-services/screenshots","developers":null,"translators":null,"contributors":null,"locales":["be"]},{"name":"Firefox Screenshots","description":"RealizeazÄƒ decupaje È™i capturi de ecran de pe web È™i salveazÄƒ-le temporar sau permanent.","creator":"Mozilla <screenshots-feedback@mozilla.com>","homepageURL":"https://github.com/mozilla-services/screenshots","developers":null,"translators":null,"contributors":null,"locales":["ro"]},{"name":"Firefox Screenshots","description":"Snimite ili slikajte stvari s weba te ih saÄ�uvajte privremeno ili trajno.","creator":"Mozilla <screenshots-feedback@mozilla.com>","homepageURL":"https://github.com/mozilla-services/screenshots","developers":null,"translators":null,"contributors":null,"locales":["bs"]},{"name":"Firefox Screenshots","description":"Enoháº½ taâ€™anga ha japyhypy Ã±andutÃ­gui ha eÃ±ongatu sapyâ€™aite tÃ©rÃ£ areve.","creator":"Mozilla <screenshots-feedback@mozilla.com>","homepageURL":"https://github.com/mozilla-services/screenshots","developers":null,"translators":null,"contributors":null,"locales":["gn"]},{"name":"Firefox Screenshots","description":"á¹¬á¹­ef imrayen akked igdilen si Web sakin sekles-iten s wudem askudan neÎ³ s wudem yezgan.","creator":"Mozilla <screenshots-feedback@mozilla.com>","homepageURL":"https://github.com/mozilla-services/screenshots","developers":null,"translators":null,"contributors":null,"locales":["kab"]},{"name":"Firefox Screenshots","description":"Take clips and screenshots from the Web and save them temporarily or permanently.","creator":"à¨®à©Œà©›à©€à¨²à¨¾ <screenshots-feedback@mozilla.com>","homepageURL":"https://github.com/mozilla-services/screenshots","developers":null,"translators":null,"contributors":null,"locales":["pa-IN"]},{"name":"Firefox Screenshots","description":"Î Ï�Î±Î³Î¼Î±Ï„Î¿Ï€Î¿Î¹Î®ÏƒÏ„Îµ Î»Î®ÏˆÎ· ÏƒÏ„Î¹Î³Î¼Î¹Î¿Ï„Ï�Ï€Ï‰Î½ Î±Ï€ÏŒ Ï„Î¿ Î”Î¹Î±Î´Î¯ÎºÏ„Ï…Î¿ ÎºÎ±Î¹ Î±Ï€Î¿Î¸Î·ÎºÎµÏ�ÏƒÏ„Îµ Ï„Î± Ï€Ï�Î¿ÏƒÏ‰Ï�Î¹Î½Î¬ Î® Î¼ÏŒÎ½Î¹Î¼Î±.","creator":"Mozilla <screenshots-feedback@mozilla.com>","homepageURL":"https://github.com/mozilla-services/screenshots","developers":null,"translators":null,"contributors":null,"locales":["el"]},{"name":"Firefox Screenshots","description":"Õ�Õ¿Õ¡Ö�Õ¥Ö„ Õ°Õ¸Õ¬Õ¸Õ¾Õ¡Õ¯Õ¶Õ¥Ö€ Ö‡ Õ§Õ¯Ö€Õ¡Õ¶Õ« Õ°Õ¡Õ¶Õ¸Ö‚ÕµÕ©Õ¶Õ¥Ö€ Õ¾Õ¥Õ¢Õ«Ö� Ö‡ ÕºÕ¡Õ°ÕºÕ¡Õ¶Õ¥Ö„ Õ¤Õ¡Õ¶Ö„ ÕªÕ¡Õ´Õ¡Õ¶Õ¡Õ¯Õ¡Õ¾Õ¸Ö€ Õ¯Õ¡Õ´ Õ´Õ·Õ¿Õ¡ÕºÕ¥Õ½:","creator":"Mozilla <screenshots-feedback@mozilla.com>","homepageURL":"https://github.com/mozilla-services/screenshots","developers":null,"translators":null,"contributors":null,"locales":["hy-AM"]},{"name":"Firefox Screenshots","description":"Tire capturas de tela da Web e guarde-as temporariamente ou permanentemente.","creator":"Mozilla <screenshots-feedback@mozilla.com>","homepageURL":"https://github.com/mozilla-services/screenshots","developers":null,"translators":null,"contributors":null,"locales":["pt-BR"]},{"name":"Firefox Screenshots","description":"æ‹�æ”�ç¶²é �çš„æ“·åœ–ï¼Œå�¯æš«æ™‚å„²å­˜æˆ–æ°¸ä¹…å„²å­˜ã€‚","creator":"Mozilla <screenshots-feedback@mozilla.com>","homepageURL":"https://github.com/mozilla-services/screenshots","developers":null,"translators":null,"contributors":null,"locales":["zh-TW"]},{"name":"Firefox Screenshots","description":"×™×¦×™×¨×ª ×¦×™×œ×•×ž×™ ×ž×¡×š ×©×œ ×“×¤×™ ×�×™× ×˜×¨× ×˜ ×•×©×ž×™×¨×” ×©×œ×”×� ×‘×�×•×¤×Ÿ ×–×ž× ×™ ×�×• ×§×‘×•×¢.","creator":"Mozilla <screenshots-feedback@mozilla.com>","homepageURL":"https://github.com/mozilla-services/screenshots","developers":null,"translators":null,"contributors":null,"locales":["he"]},{"name":"Firefox Screenshots","description":"Tag udklip og skÃ¦rmbilleder fra nettet og gem dem midlertidigt eller permanent.","creator":"Mozilla <screenshots-feedback@mozilla.com>","homepageURL":"https://github.com/mozilla-services/screenshots","developers":null,"translators":null,"contributors":null,"locales":["da"]},{"name":"Firefox Screenshots","description":"Ð’Ñ�Ð±Ñ�Ñ�Ñ� Ð°Ð²Ñ�Ð°Ð½ ÐºÐ»Ð¸Ð¿ Ð±Ð¾Ð»Ð¾Ð½ Ð´Ñ�Ð»Ð³Ñ�Ñ†Ð¸Ð¹Ð½ Ð·ÑƒÑ€Ð³Ð¸Ð¹Ð³ Ð°Ð²Ð°Ð°Ð´ Ñ‚Ñ�Ð´Ð³Ñ�Ñ�Ñ€Ð¸Ð¹Ð³ Ñ‚Ò¯Ñ€ Ñ�Ñ�Ð²Ñ�Ð» Ð±Ò¯Ñ€Ð¼Ó©Ñ�Ó©Ð½ Ñ…Ð°Ð´Ð³Ð°Ð».","creator":"Mozilla <screenshots-feedback@mozilla.com>","homepageURL":"https://github.com/mozilla-services/screenshots","developers":null,"translators":null,"contributors":null,"locales":["mn"]},{"name":"Firefox Screenshots","description":"Web sayfalarÄ±nÄ±n ekran gÃ¶rÃ¼ntÃ¼lerini alÄ±n, ister geÃ§ici ister kalÄ±cÄ± olarak kaydedin.","creator":"Mozilla <screenshots-feedback@mozilla.com>","homepageURL":"https://github.com/mozilla-services/screenshots","developers":null,"translators":null,"contributors":null,"locales":["tr"]},{"name":"Firefox Screenshots","description":"Take clips and screenshots from the Web and save them temporarily or permanently.","creator":"Mozilla <screenshots-feedback@mozilla.com>","homepageURL":"https://github.com/mozilla-services/screenshots","developers":null,"translators":null,"contributors":null,"locales":["en-CA"]},{"name":"Firefox Screenshots","description":"Haz capturas y recortes de la web y guÃ¡rdalos temporal o permanentemente.","creator":"Mozilla <screenshots-feedback@mozilla.com>","homepageURL":"https://github.com/mozilla-services/screenshots","developers":null,"translators":null,"contributors":null,"locales":["es-ES"]},{"name":"Firefox Screenshots","description":"à¤µà¥‡à¤¬à¤¬à¤¾à¤Ÿ à¤«à¥‹à¤Ÿà¥‹ à¤° à¤¸à¤¿à¤•à¥�à¤°à¤¿à¤¨à¤¸à¤Ÿ à¤¯à¤¾ à¤•à¥�à¤²à¤¿à¤ªà¤¹à¤°à¥‚ à¤²à¤¿à¤�à¤° à¤•à¥�à¤·à¤£à¤¿à¤• à¤µà¤¾ à¤¸à¤¦à¤¾à¤•à¥‹ à¤²à¤¾à¤—à¤¿ à¤¸à¤™à¥�à¤—à¥�à¤°à¤¹ à¤—à¤°à¥�à¤¨ à¥¤","creator":"Mozilla <screenshots-feedback@mozilla.com>","homepageURL":"https://github.com/mozilla-services/screenshots","developers":null,"translators":null,"contributors":null,"locales":["ne-NP"]},{"name":"Firefox Screenshots","description":"Maak clips en schermafbeeldingen van het web en sla deze tijdelijk of permanent op.","creator":"Mozilla <screenshots-feedback@mozilla.com>","homepageURL":"https://github.com/mozilla-services/screenshots","developers":null,"translators":null,"contributors":null,"locales":["nl"]}],"targetApplications":[{"id":"toolkit@mozilla.org","minVersion":"57.0a1","maxVersion":null}],"targetPlatforms":[],"seen":true,"dependencies":[],"userPermissions":{"permissions":["activeTab","downloads","tabs","storage","notifications","clipboardWrite","contextMenus","telemetry"],"origins":["<all_urls>","https://screenshots.firefox.com/","https://screenshots.firefox.com/*"]},"icons":{"32":"icons/icon-v2.svg"},"iconURL":null,"blocklistState":0,"blocklistURL":null,"startupData":null,"hidden":true,"installTelemetryInfo":null,"location":"app-system-defaults"}
1556023152127	addons.xpi	DEBUG	Updating XPIState for {"id":"webcompat-reporter@mozilla.org","syncGUID":"{a5bccacc-c7b0-48f1-b89b-d059028d9b6e}","version":"1.1.0","type":"extension","loader":null,"updateURL":null,"optionsURL":null,"optionsType":null,"optionsBrowserStyle":true,"aboutURL":null,"defaultLocale":{"name":"WebCompat Reporter","description":"Report site compatibility issues on webcompat.com","creator":"Thomas Wisniewski <twisniewski@mozilla.com>","homepageURL":"https://github.com/mozilla/webcompat-reporter","developers":null,"translators":null,"contributors":null},"visible":true,"active":false,"userDisabled":true,"appDisabled":false,"installDate":1554438540827,"updateDate":1554438540827,"applyBackgroundUpdates":1,"path":"C:\\Program Files\\Mozilla Firefox\\browser\\features\\webcompat-reporter@mozilla.org.xpi","skinnable":false,"sourceURI":null,"releaseNotesURI":null,"softDisabled":false,"foreignInstall":false,"strictCompatibility":true,"locales":[],"targetApplications":[{"id":"toolkit@mozilla.org","minVersion":null,"maxVersion":null}],"targetPlatforms":[],"seen":true,"dependencies":[],"userPermissions":{"permissions":["tabs"],"origins":["<all_urls>"]},"icons":{"16":"icons/lightbulb.svg","32":"icons/lightbulb.svg","48":"icons/lightbulb.svg","96":"icons/lightbulb.svg","128":"icons/lightbulb.svg"},"iconURL":null,"blocklistState":0,"blocklistURL":null,"startupData":null,"hidden":true,"installTelemetryInfo":null,"location":"app-system-defaults"}
1556023152172	addons.xpi	DEBUG	Updating XPIState for {"id":"webcompat@mozilla.org","syncGUID":"{808c2bab-de10-4801-8555-192d20d5a2e5}","version":"3.0.2","type":"extension","loader":null,"updateURL":null,"optionsURL":null,"optionsType":null,"optionsBrowserStyle":true,"aboutURL":null,"defaultLocale":{"name":"Web Compat","description":"Urgent post-release fixes for web compatibility.","creator":null,"developers":null,"translators":null,"contributors":null},"visible":true,"active":true,"userDisabled":false,"appDisabled":false,"installDate":1554438540772,"updateDate":1554438540772,"applyBackgroundUpdates":1,"path":"C:\\Program Files\\Mozilla Firefox\\browser\\features\\webcompat@mozilla.org.xpi","skinnable":false,"sourceURI":null,"releaseNotesURI":null,"softDisabled":false,"foreignInstall":false,"strictCompatibility":true,"locales":[],"targetApplications":[{"id":"toolkit@mozilla.org","minVersion":"59.0b5","maxVersion":null}],"targetPlatforms":[],"seen":true,"dependencies":[],"userPermissions":{"permissions":["webRequest","webRequestBlocking"],"origins":["<all_urls>"]},"icons":{},"iconURL":null,"blocklistState":0,"blocklistURL":null,"startupData":null,"hidden":true,"installTelemetryInfo":null,"location":"app-system-defaults"}
1556023152173	addons.xpi-utils	DEBUG	Updating add-on states
1556023152177	addons.xpi	DEBUG	Calling bootstrap method startup on formautofill@mozilla.org version 1.0
1556023152180	addons.xpi	DEBUG	Calling bootstrap method startup on screenshots@mozilla.org version 35.0.0
1556023152182	addons.xpi	DEBUG	Calling bootstrap method startup on webcompat@mozilla.org version 3.0.2
1556023152186	addons.manager	DEBUG	Registering shutdown blocker for XPIProvider
1556023152186	addons.manager	DEBUG	Provider finished startup: XPIProvider
1556023152186	addons.manager	DEBUG	Starting provider: LightweightThemeManager
1556023152186	addons.manager	DEBUG	Registering shutdown blocker for LightweightThemeManager
1556023152187	addons.manager	DEBUG	Provider finished startup: LightweightThemeManager
1556023152187	addons.manager	DEBUG	Starting provider: GMPProvider
1556023152190	addons.manager	DEBUG	Registering shutdown blocker for GMPProvider
1556023152190	addons.manager	DEBUG	Provider finished startup: GMPProvider
1556023152190	addons.manager	DEBUG	Starting provider: PluginProvider
1556023152190	addons.manager	DEBUG	Registering shutdown blocker for PluginProvider
1556023152191	addons.manager	DEBUG	Provider finished startup: PluginProvider
1556023152199	addons.manager	DEBUG	Completed startup sequence
1556023154476	addons.repository	DEBUG	No addons.json found.
1556023155945	addons.manager	DEBUG	Registering upgrade listener for formautofill@mozilla.org
1556023156039	addons.xpi	DEBUG	Existing add-on formautofill@mozilla.org in app-system-defaults
1556023156040	addons.xpi	DEBUG	Existing add-on screenshots@mozilla.org in app-system-defaults
1556023156040	addons.xpi	DEBUG	Existing add-on webcompat-reporter@mozilla.org in app-system-defaults
1556023156041	addons.xpi	DEBUG	Existing add-on webcompat@mozilla.org in app-system-defaults
1556023156041	addons.xpi	DEBUG	scanForChanges changed: false, state: {}
1556023156235	Marionette	INFO	Listening on port 52645
1556023156290	addons.xpi-utils	DEBUG	XPI Database saved, setting schema version preference to 28
1556023156337	Marionette	WARN	TLS certificate errors will be ignored for this session
Apr 23, 2019 6:09:16 PM org.openqa.selenium.remote.ProtocolHandshake createSession
INFO: Detected dialect: W3C
1556023172688	addons.productaddons	INFO	Updates are disabled via media.gmp-manager.updateEnabled
console.error: BroadcastService: 
  receivedBroadcastMessage: handler for
  remote-settings/monitor_changes
  threw error:
  Message: Error: Polling for changes failed: NetworkError when attempting to fetch resource..
  Stack:
    remoteSettingsFunction/remoteSettings.pollChanges@resource://services-settings/remote-settings.js:190:13

]]></system-err>
  </testcase>
</testsuite>