<?xml version="1.0" encoding="UTF-8"?>
<testng-results skipped="0" failed="1" ignored="0" total="3" passed="2">
  <reporter-output>
    <line>
      <![CDATA[<a href='C:\ProgFiles\workspace\uiFramework\src\main\resources\screenShots\blank_23_04_2019_06_08_11.png'><img src='C:\ProgFiles\workspace\uiFramework\src\main\resources\screenShots\blank_23_04_2019_06_08_11.png'height='100'width='100'/></a>]]>
    </line>
    <line>
      <![CDATA[<a href='C:\ProgFiles\workspace\uiFramework\src\main\resources\screenShots\testLoginToApplication_23_04_2019_06_08_19.png'><img src='C:\ProgFiles\workspace\uiFramework\src\main\resources\screenShots\testLoginToApplication_23_04_2019_06_08_19.png'height='100'width='100'/></a>]]>
    </line>
    <line>
      <![CDATA[<a href='C:\ProgFiles\workspace\uiFramework\src\main\resources\screenShots\blank_23_04_2019_06_08_45.png'><img src='C:\ProgFiles\workspace\uiFramework\src\main\resources\screenShots\blank_23_04_2019_06_08_45.png'height='100'width='100'/></a>]]>
    </line>
    <line>
      <![CDATA[<a href='C:\ProgFiles\workspace\uiFramework\src\main\resources\screenShots\blank_23_04_2019_06_08_50.png'><img src='C:\ProgFiles\workspace\uiFramework\src\main\resources\screenShots\blank_23_04_2019_06_08_50.png'height='100'width='100'/></a>]]>
    </line>
    <line>
      <![CDATA[<a href='C:\ProgFiles\workspace\uiFramework\src\main\resources\screenShots\blank_23_04_2019_06_08_51.png'><img src='C:\ProgFiles\workspace\uiFramework\src\main\resources\screenShots\blank_23_04_2019_06_08_51.png'height='100'width='100'/></a>]]>
    </line>
    <line>
      <![CDATA[<a href='C:\ProgFiles\workspace\uiFramework\src\main\resources\screenShots\blank_23_04_2019_06_09_06.png'><img src='C:\ProgFiles\workspace\uiFramework\src\main\resources\screenShots\blank_23_04_2019_06_09_06.png'height='100'width='100'/></a>]]>
    </line>
    <line>
      <![CDATA[<a href='C:\ProgFiles\workspace\uiFramework\src\main\resources\screenShots\testLoginToApplication_23_04_2019_06_09_07.png'><img src='C:\ProgFiles\workspace\uiFramework\src\main\resources\screenShots\testLoginToApplication_23_04_2019_06_09_07.png'height='100'width='100'/></a>]]>
    </line>
    <line>
      <![CDATA[<a href='C:\ProgFiles\workspace\uiFramework\src\main\resources\screenShots\blank_23_04_2019_06_09_29.png'><img src='C:\ProgFiles\workspace\uiFramework\src\main\resources\screenShots\blank_23_04_2019_06_09_29.png'height='100'width='100'/></a>]]>
    </line>
    <line>
      <![CDATA[<a href='C:\ProgFiles\workspace\uiFramework\src\main\resources\screenShots\blank_23_04_2019_06_09_33.png'><img src='C:\ProgFiles\workspace\uiFramework\src\main\resources\screenShots\blank_23_04_2019_06_09_33.png'height='100'width='100'/></a>]]>
    </line>
    <line>
      <![CDATA[<a href='C:\ProgFiles\workspace\uiFramework\src\main\resources\screenShots\verifyLowestFirstPriceListInProduct_detailsPage_23_04_2019_06_09_42.png'><img src='C:\ProgFiles\workspace\uiFramework\src\main\resources\screenShots\verifyLowestFirstPriceListInProduct_detailsPage_23_04_2019_06_09_42.png'height='100'width='100'/></a>]]>
    </line>
  </reporter-output>
  <suite name="All Test" duration-ms="132315" started-at="2019-04-23T12:37:32Z" finished-at="2019-04-23T12:39:44Z">
    <groups>
    </groups>
    <test name="LoginTest" duration-ms="50407" started-at="2019-04-23T12:37:32Z" finished-at="2019-04-23T12:38:22Z">
      <class name="com.uiFramework.companyName.projectName.testScripts.loginPage.LoginTest">
        <test-method status="PASS" signature="beforeTest()[pri:0, instance:com.uiFramework.companyName.projectName.testScripts.loginPage.LoginTest@735b5592]" name="beforeTest" is-config="true" duration-ms="29283" started-at="2019-04-23T18:07:32Z" finished-at="2019-04-23T18:08:01Z">
          <reporter-output>
          </reporter-output>
        </test-method> <!-- beforeTest -->
        <test-method status="PASS" signature="beforeMethod(java.lang.reflect.Method)[pri:0, instance:com.uiFramework.companyName.projectName.testScripts.loginPage.LoginTest@735b5592]" name="beforeMethod" is-config="true" duration-ms="62" started-at="2019-04-23T18:08:01Z" finished-at="2019-04-23T18:08:01Z">
          <params>
            <param index="0">
              <value>
                <![CDATA[public void com.uiFramework.companyName.projectName.testScripts.loginPage.LoginTest.testLoginToApplication()]]>
              </value>
            </param>
          </params>
          <reporter-output>
          </reporter-output>
        </test-method> <!-- beforeMethod -->
        <test-method status="PASS" signature="testLoginToApplication()[pri:0, instance:com.uiFramework.companyName.projectName.testScripts.loginPage.LoginTest@735b5592]" name="testLoginToApplication" duration-ms="17204" started-at="2019-04-23T18:08:01Z" description="Login test with valid credentials" finished-at="2019-04-23T18:08:19Z">
          <reporter-output>
            <line>
              <![CDATA[<a href='C:\ProgFiles\workspace\uiFramework\src\main\resources\screenShots\blank_23_04_2019_06_08_11.png'><img src='C:\ProgFiles\workspace\uiFramework\src\main\resources\screenShots\blank_23_04_2019_06_08_11.png'height='100'width='100'/></a>]]>
            </line>
          </reporter-output>
        </test-method> <!-- testLoginToApplication -->
        <test-method status="PASS" signature="afterMethod(org.testng.ITestResult)[pri:0, instance:com.uiFramework.companyName.projectName.testScripts.loginPage.LoginTest@735b5592]" name="afterMethod" is-config="true" duration-ms="656" started-at="2019-04-23T18:08:19Z" finished-at="2019-04-23T18:08:19Z">
          <params>
            <param index="0">
              <value>
                <![CDATA[[TestResult name=testLoginToApplication status=SUCCESS method=LoginTest.testLoginToApplication()[pri:0, instance:com.uiFramework.companyName.projectName.testScripts.loginPage.LoginTest@735b5592] output=<a href='C:\ProgFiles\workspace\uiFramework\src\main\resources\screenShots\blank_23_04_2019_06_08_11.png'><img src='C:\ProgFiles\workspace\uiFramework\src\main\resources\screenShots\blank_23_04_2019_06_08_11.png'height='100'width='100'/></a>]]]>
              </value>
            </param>
          </params>
          <reporter-output>
            <line>
              <![CDATA[<a href='C:\ProgFiles\workspace\uiFramework\src\main\resources\screenShots\testLoginToApplication_23_04_2019_06_08_19.png'><img src='C:\ProgFiles\workspace\uiFramework\src\main\resources\screenShots\testLoginToApplication_23_04_2019_06_08_19.png'height='100'width='100'/></a>]]>
            </line>
          </reporter-output>
        </test-method> <!-- afterMethod -->
        <test-method status="PASS" signature="afterTest()[pri:0, instance:com.uiFramework.companyName.projectName.testScripts.loginPage.LoginTest@735b5592]" name="afterTest" is-config="true" duration-ms="3061" started-at="2019-04-23T18:08:19Z" finished-at="2019-04-23T18:08:22Z">
          <reporter-output>
          </reporter-output>
        </test-method> <!-- afterTest -->
      </class> <!-- com.uiFramework.companyName.projectName.testScripts.loginPage.LoginTest -->
    </test> <!-- LoginTest -->
    <test name="RegistrationTest" duration-ms="46524" started-at="2019-04-23T12:38:22Z" finished-at="2019-04-23T12:39:09Z">
      <class name="com.uiFramework.companyName.projectName.testScripts.registration.RegistrationTest">
        <test-method status="PASS" signature="beforeTest()[pri:0, instance:com.uiFramework.companyName.projectName.testScripts.registration.RegistrationTest@1d057a39]" name="beforeTest" is-config="true" duration-ms="7428" started-at="2019-04-23T18:08:22Z" finished-at="2019-04-23T18:08:30Z">
          <reporter-output>
          </reporter-output>
        </test-method> <!-- beforeTest -->
        <test-method status="PASS" signature="beforeMethod(java.lang.reflect.Method)[pri:0, instance:com.uiFramework.companyName.projectName.testScripts.registration.RegistrationTest@1d057a39]" name="beforeMethod" is-config="true" duration-ms="0" started-at="2019-04-23T18:08:30Z" finished-at="2019-04-23T18:08:30Z">
          <params>
            <param index="0">
              <value>
                <![CDATA[public void com.uiFramework.companyName.projectName.testScripts.registration.RegistrationTest.testLoginToApplication() throws java.lang.InterruptedException]]>
              </value>
            </param>
          </params>
          <reporter-output>
          </reporter-output>
        </test-method> <!-- beforeMethod -->
        <test-method status="PASS" signature="testLoginToApplication()[pri:0, instance:com.uiFramework.companyName.projectName.testScripts.registration.RegistrationTest@1d057a39]" name="testLoginToApplication" duration-ms="36798" started-at="2019-04-23T18:08:30Z" finished-at="2019-04-23T18:09:07Z">
          <reporter-output>
            <line>
              <![CDATA[<a href='C:\ProgFiles\workspace\uiFramework\src\main\resources\screenShots\blank_23_04_2019_06_08_45.png'><img src='C:\ProgFiles\workspace\uiFramework\src\main\resources\screenShots\blank_23_04_2019_06_08_45.png'height='100'width='100'/></a>]]>
            </line>
            <line>
              <![CDATA[<a href='C:\ProgFiles\workspace\uiFramework\src\main\resources\screenShots\blank_23_04_2019_06_08_50.png'><img src='C:\ProgFiles\workspace\uiFramework\src\main\resources\screenShots\blank_23_04_2019_06_08_50.png'height='100'width='100'/></a>]]>
            </line>
            <line>
              <![CDATA[<a href='C:\ProgFiles\workspace\uiFramework\src\main\resources\screenShots\blank_23_04_2019_06_08_51.png'><img src='C:\ProgFiles\workspace\uiFramework\src\main\resources\screenShots\blank_23_04_2019_06_08_51.png'height='100'width='100'/></a>]]>
            </line>
            <line>
              <![CDATA[<a href='C:\ProgFiles\workspace\uiFramework\src\main\resources\screenShots\blank_23_04_2019_06_09_06.png'><img src='C:\ProgFiles\workspace\uiFramework\src\main\resources\screenShots\blank_23_04_2019_06_09_06.png'height='100'width='100'/></a>]]>
            </line>
          </reporter-output>
        </test-method> <!-- testLoginToApplication -->
        <test-method status="PASS" signature="afterMethod(org.testng.ITestResult)[pri:0, instance:com.uiFramework.companyName.projectName.testScripts.registration.RegistrationTest@1d057a39]" name="afterMethod" is-config="true" duration-ms="235" started-at="2019-04-23T18:09:07Z" finished-at="2019-04-23T18:09:07Z">
          <params>
            <param index="0">
              <value>
                <![CDATA[[TestResult name=testLoginToApplication status=SUCCESS method=RegistrationTest.testLoginToApplication()[pri:0, instance:com.uiFramework.companyName.projectName.testScripts.registration.RegistrationTest@1d057a39] output=<a href='C:\ProgFiles\workspace\uiFramework\src\main\resources\screenShots\blank_23_04_2019_06_08_45.png'><img src='C:\ProgFiles\workspace\uiFramework\src\main\resources\screenShots\blank_23_04_2019_06_08_45.png'height='100'width='100'/></a>]]]>
              </value>
            </param>
          </params>
          <reporter-output>
            <line>
              <![CDATA[<a href='C:\ProgFiles\workspace\uiFramework\src\main\resources\screenShots\testLoginToApplication_23_04_2019_06_09_07.png'><img src='C:\ProgFiles\workspace\uiFramework\src\main\resources\screenShots\testLoginToApplication_23_04_2019_06_09_07.png'height='100'width='100'/></a>]]>
            </line>
          </reporter-output>
        </test-method> <!-- afterMethod -->
        <test-method status="PASS" signature="afterTest()[pri:0, instance:com.uiFramework.companyName.projectName.testScripts.registration.RegistrationTest@1d057a39]" name="afterTest" is-config="true" duration-ms="2063" started-at="2019-04-23T18:09:07Z" finished-at="2019-04-23T18:09:09Z">
          <reporter-output>
          </reporter-output>
        </test-method> <!-- afterTest -->
      </class> <!-- com.uiFramework.companyName.projectName.testScripts.registration.RegistrationTest -->
    </test> <!-- RegistrationTest -->
    <test name="VerifyLowestFirstPriceFilter" duration-ms="35237" started-at="2019-04-23T12:39:09Z" finished-at="2019-04-23T12:39:44Z">
      <class name="com.uiFramework.companyName.projectName.testScripts.productDetailsPage.VerifyLowestFirstPriceFilter">
        <test-method status="PASS" signature="beforeSuite()[pri:0, instance:com.uiFramework.companyName.projectName.testScripts.productDetailsPage.VerifyLowestFirstPriceFilter@59fa1d9b]" name="beforeSuite" is-config="true" duration-ms="359" started-at="2019-04-23T18:07:32Z" finished-at="2019-04-23T18:07:32Z">
          <reporter-output>
          </reporter-output>
        </test-method> <!-- beforeSuite -->
        <test-method status="PASS" signature="beforeTest()[pri:0, instance:com.uiFramework.companyName.projectName.testScripts.productDetailsPage.VerifyLowestFirstPriceFilter@59fa1d9b]" name="beforeTest" is-config="true" duration-ms="7017" started-at="2019-04-23T18:09:09Z" finished-at="2019-04-23T18:09:16Z">
          <reporter-output>
          </reporter-output>
        </test-method> <!-- beforeTest -->
        <test-method status="PASS" signature="beforeMethod(java.lang.reflect.Method)[pri:0, instance:com.uiFramework.companyName.projectName.testScripts.productDetailsPage.VerifyLowestFirstPriceFilter@59fa1d9b]" name="beforeMethod" is-config="true" duration-ms="0" started-at="2019-04-23T18:09:16Z" finished-at="2019-04-23T18:09:16Z">
          <params>
            <param index="0">
              <value>
                <![CDATA[public void com.uiFramework.companyName.projectName.testScripts.productDetailsPage.VerifyLowestFirstPriceFilter.verifyLowestFirstPriceListInProduct_detailsPage() throws java.lang.InterruptedException]]>
              </value>
            </param>
          </params>
          <reporter-output>
          </reporter-output>
        </test-method> <!-- beforeMethod -->
        <test-method status="FAIL" signature="verifyLowestFirstPriceListInProduct_detailsPage()[pri:0, instance:com.uiFramework.companyName.projectName.testScripts.productDetailsPage.VerifyLowestFirstPriceFilter@59fa1d9b]" name="verifyLowestFirstPriceListInProduct_detailsPage" duration-ms="25673" started-at="2019-04-23T18:09:16Z" finished-at="2019-04-23T18:09:42Z">
          <exception class="java.lang.AssertionError">
            <message>
              <![CDATA[expected [true] but found [false]]]>
            </message>
            <full-stacktrace>
              <![CDATA[java.lang.AssertionError: expected [true] but found [false]at org.testng.Assert.fail(Assert.java:96)at org.testng.Assert.failNotEquals(Assert.java:776)at org.testng.Assert.assertTrue(Assert.java:44)at org.testng.Assert.assertTrue(Assert.java:54)at com.uiFramework.companyName.projectName.helper.assertion.AssertionHelper.fail(AssertionHelper.java:56)at com.uiFramework.companyName.projectName.helper.assertion.AssertionHelper.updateTestStatus(AssertionHelper.java:70)at com.uiFramework.companyName.projectName.testScripts.productDetailsPage.VerifyLowestFirstPriceFilter.verifyLowestFirstPriceListInProduct_detailsPage(VerifyLowestFirstPriceFilter.java:40)at sun.reflect.NativeMethodAccessorImpl.invoke0(Native Method)at sun.reflect.NativeMethodAccessorImpl.invoke(NativeMethodAccessorImpl.java:62)at sun.reflect.DelegatingMethodAccessorImpl.invoke(DelegatingMethodAccessorImpl.java:43)at java.lang.reflect.Method.invoke(Method.java:498)at org.testng.internal.MethodInvocationHelper.invokeMethod(MethodInvocationHelper.java:124)at org.testng.internal.Invoker.invokeMethod(Invoker.java:571)at org.testng.internal.Invoker.invokeTestMethod(Invoker.java:707)at org.testng.internal.Invoker.invokeTestMethods(Invoker.java:979)at org.testng.internal.TestMethodWorker.invokeTestMethods(TestMethodWorker.java:125)at org.testng.internal.TestMethodWorker.run(TestMethodWorker.java:109)at org.testng.TestRunner.privateRun(TestRunner.java:648)at org.testng.TestRunner.run(TestRunner.java:505)at org.testng.SuiteRunner.runTest(SuiteRunner.java:455)at org.testng.SuiteRunner.runSequentially(SuiteRunner.java:450)at org.testng.SuiteRunner.privateRun(SuiteRunner.java:415)at org.testng.SuiteRunner.run(SuiteRunner.java:364)at org.testng.SuiteRunnerWorker.runSuite(SuiteRunnerWorker.java:52)at org.testng.SuiteRunnerWorker.run(SuiteRunnerWorker.java:84)at org.testng.TestNG.runSuitesSequentially(TestNG.java:1187)at org.testng.TestNG.runSuitesLocally(TestNG.java:1116)at org.testng.TestNG.runSuites(TestNG.java:1028)at org.testng.TestNG.run(TestNG.java:996)at org.apache.maven.surefire.testng.TestNGExecutor.run(TestNGExecutor.java:178)at org.apache.maven.surefire.testng.TestNGXmlTestSuite.execute(TestNGXmlTestSuite.java:92)at org.apache.maven.surefire.testng.TestNGProvider.invoke(TestNGProvider.java:96)at sun.reflect.NativeMethodAccessorImpl.invoke0(Native Method)at sun.reflect.NativeMethodAccessorImpl.invoke(NativeMethodAccessorImpl.java:62)at sun.reflect.DelegatingMethodAccessorImpl.invoke(DelegatingMethodAccessorImpl.java:43)at java.lang.reflect.Method.invoke(Method.java:498)at org.apache.maven.surefire.util.ReflectionUtils.invokeMethodWithArray2(ReflectionUtils.java:208)at org.apache.maven.surefire.booter.ProviderFactory$ProviderProxy.invoke(ProviderFactory.java:159)at org.apache.maven.surefire.booter.ProviderFactory.invokeProvider(ProviderFactory.java:87)at org.apache.maven.surefire.booter.ForkedBooter.runSuitesInProcess(ForkedBooter.java:153)at org.apache.maven.surefire.booter.ForkedBooter.main(ForkedBooter.java:95)]]>
            </full-stacktrace>
          </exception> <!-- java.lang.AssertionError -->
          <reporter-output>
            <line>
              <![CDATA[<a href='C:\ProgFiles\workspace\uiFramework\src\main\resources\screenShots\blank_23_04_2019_06_09_29.png'><img src='C:\ProgFiles\workspace\uiFramework\src\main\resources\screenShots\blank_23_04_2019_06_09_29.png'height='100'width='100'/></a>]]>
            </line>
            <line>
              <![CDATA[<a href='C:\ProgFiles\workspace\uiFramework\src\main\resources\screenShots\blank_23_04_2019_06_09_33.png'><img src='C:\ProgFiles\workspace\uiFramework\src\main\resources\screenShots\blank_23_04_2019_06_09_33.png'height='100'width='100'/></a>]]>
            </line>
          </reporter-output>
        </test-method> <!-- verifyLowestFirstPriceListInProduct_detailsPage -->
        <test-method status="PASS" signature="afterMethod(org.testng.ITestResult)[pri:0, instance:com.uiFramework.companyName.projectName.testScripts.productDetailsPage.VerifyLowestFirstPriceFilter@59fa1d9b]" name="afterMethod" is-config="true" duration-ms="203" started-at="2019-04-23T18:09:42Z" finished-at="2019-04-23T18:09:42Z">
          <params>
            <param index="0">
              <value>
                <![CDATA[[TestResult name=verifyLowestFirstPriceListInProduct_detailsPage status=FAILURE method=VerifyLowestFirstPriceFilter.verifyLowestFirstPriceListInProduct_detailsPage()[pri:0, instance:com.uiFramework.companyName.projectName.testScripts.productDetailsPage.VerifyLowestFirstPriceFilter@59fa1d9b] output=<a href='C:\ProgFiles\workspace\uiFramework\src\main\resources\screenShots\blank_23_04_2019_06_09_29.png'><img src='C:\ProgFiles\workspace\uiFramework\src\main\resources\screenShots\blank_23_04_2019_06_09_29.png'height='100'width='100'/></a>]]]>
              </value>
            </param>
          </params>
          <reporter-output>
            <line>
              <![CDATA[<a href='C:\ProgFiles\workspace\uiFramework\src\main\resources\screenShots\verifyLowestFirstPriceListInProduct_detailsPage_23_04_2019_06_09_42.png'><img src='C:\ProgFiles\workspace\uiFramework\src\main\resources\screenShots\verifyLowestFirstPriceListInProduct_detailsPage_23_04_2019_06_09_42.png'height='100'width='100'/></a>]]>
            </line>
          </reporter-output>
        </test-method> <!-- afterMethod -->
        <test-method status="PASS" signature="afterTest()[pri:0, instance:com.uiFramework.companyName.projectName.testScripts.productDetailsPage.VerifyLowestFirstPriceFilter@59fa1d9b]" name="afterTest" is-config="true" duration-ms="2329" started-at="2019-04-23T18:09:42Z" finished-at="2019-04-23T18:09:44Z">
          <reporter-output>
          </reporter-output>
        </test-method> <!-- afterTest -->
      </class> <!-- com.uiFramework.companyName.projectName.testScripts.productDetailsPage.VerifyLowestFirstPriceFilter -->
    </test> <!-- VerifyLowestFirstPriceFilter -->
  </suite> <!-- All Test -->
</testng-results>
