<?xml version="1.0" encoding="UTF-8"?>
<testng-results skipped="1" failed="0" ignored="0" total="3" passed="2">
  <reporter-output>
    <line>
      <![CDATA[<a href='C:\ProgFiles\workspace\uiFramework\src\main\resources\screenShots\blank_03_04_2019_11_03_49.png'><img src='C:\ProgFiles\workspace\uiFramework\src\main\resources\screenShots\blank_03_04_2019_11_03_49.png'height='100'width='100'/></a>]]>
    </line>
    <line>
      <![CDATA[<a href='C:\ProgFiles\workspace\uiFramework\src\main\resources\screenShots\loginTest_03_04_2019_11_04_02.png'><img src='C:\ProgFiles\workspace\uiFramework\src\main\resources\screenShots\loginTest_03_04_2019_11_04_02.png'height='100'width='100'/></a>]]>
    </line>
    <line>
      <![CDATA[<a href='C:\ProgFiles\workspace\uiFramework\src\main\resources\screenShots\loginTest_03_04_2019_11_04_11.png'><img src='C:\ProgFiles\workspace\uiFramework\src\main\resources\screenShots\loginTest_03_04_2019_11_04_11.png'height='100'width='100'/></a>]]>
    </line>
  </reporter-output>
  <suite name="Default suite" duration-ms="41873" started-at="2019-04-03T05:33:32Z" finished-at="2019-04-03T05:34:14Z">
    <groups>
    </groups>
    <test name="Default test" duration-ms="41873" started-at="2019-04-03T05:33:32Z" finished-at="2019-04-03T05:34:14Z">
      <class name="com.uiFramework.companyName.projectName.testScripts.loginPage.LoginTestWithDataDrivenApproach">
        <test-method status="PASS" signature="beforeSuite()[pri:0, instance:com.uiFramework.companyName.projectName.testScripts.loginPage.LoginTestWithDataDrivenApproach@2b2948e2]" name="beforeSuite" is-config="true" duration-ms="295" started-at="2019-04-03T11:03:31Z" finished-at="2019-04-03T11:03:32Z">
          <reporter-output>
          </reporter-output>
        </test-method> <!-- beforeSuite -->
        <test-method status="PASS" signature="beforeTest()[pri:0, instance:com.uiFramework.companyName.projectName.testScripts.loginPage.LoginTestWithDataDrivenApproach@2b2948e2]" name="beforeTest" is-config="true" duration-ms="7613" started-at="2019-04-03T11:03:32Z" finished-at="2019-04-03T11:03:39Z">
          <reporter-output>
          </reporter-output>
        </test-method> <!-- beforeTest -->
        <test-method status="PASS" signature="beforeClass()[pri:0, instance:com.uiFramework.companyName.projectName.testScripts.loginPage.LoginTestWithDataDrivenApproach@2b2948e2]" name="beforeClass" is-config="true" duration-ms="9676" started-at="2019-04-03T11:03:39Z" finished-at="2019-04-03T11:03:49Z">
          <reporter-output>
            <line>
              <![CDATA[<a href='C:\ProgFiles\workspace\uiFramework\src\main\resources\screenShots\blank_03_04_2019_11_03_49.png'><img src='C:\ProgFiles\workspace\uiFramework\src\main\resources\screenShots\blank_03_04_2019_11_03_49.png'height='100'width='100'/></a>]]>
            </line>
          </reporter-output>
        </test-method> <!-- beforeClass -->
        <test-method status="PASS" signature="beforeMethod(java.lang.reflect.Method)[pri:0, instance:com.uiFramework.companyName.projectName.testScripts.loginPage.LoginTestWithDataDrivenApproach@2b2948e2]" name="beforeMethod" is-config="true" duration-ms="0" started-at="2019-04-03T11:03:50Z" finished-at="2019-04-03T11:03:50Z">
          <params>
            <param index="0">
              <value>
                <![CDATA[public void com.uiFramework.companyName.projectName.testScripts.loginPage.LoginTestWithDataDrivenApproach.loginTest(java.lang.String,java.lang.String,java.lang.String)]]>
              </value>
            </param>
          </params>
          <reporter-output>
          </reporter-output>
        </test-method> <!-- beforeMethod -->
        <test-method status="PASS" signature="loginTest(java.lang.String, java.lang.String, java.lang.String)[pri:0, instance:com.uiFramework.companyName.projectName.testScripts.loginPage.LoginTestWithDataDrivenApproach@2b2948e2]" name="loginTest" duration-ms="11870" started-at="2019-04-03T11:03:50Z" data-provider="testData" finished-at="2019-04-03T11:04:02Z">
          <params>
            <param index="0">
              <value>
                <![CDATA[Prashant@mailinator.com]]>
              </value>
            </param>
            <param index="1">
              <value>
                <![CDATA[Prashant123]]>
              </value>
            </param>
            <param index="2">
              <value>
                <![CDATA[Y]]>
              </value>
            </param>
          </params>
          <reporter-output>
          </reporter-output>
        </test-method> <!-- loginTest -->
        <test-method status="PASS" signature="afterMethod(org.testng.ITestResult)[pri:0, instance:com.uiFramework.companyName.projectName.testScripts.loginPage.LoginTestWithDataDrivenApproach@2b2948e2]" name="afterMethod" is-config="true" duration-ms="550" started-at="2019-04-03T11:04:02Z" finished-at="2019-04-03T11:04:03Z">
          <params>
            <param index="0">
              <value>
                <![CDATA[[TestResult name=loginTest status=SUCCESS method=LoginTestWithDataDrivenApproach.loginTest(java.lang.String, java.lang.String, java.lang.String)[pri:0, instance:com.uiFramework.companyName.projectName.testScripts.loginPage.LoginTestWithDataDrivenApproach@2b2948e2] output={null}]]]>
              </value>
            </param>
          </params>
          <reporter-output>
            <line>
              <![CDATA[<a href='C:\ProgFiles\workspace\uiFramework\src\main\resources\screenShots\loginTest_03_04_2019_11_04_02.png'><img src='C:\ProgFiles\workspace\uiFramework\src\main\resources\screenShots\loginTest_03_04_2019_11_04_02.png'height='100'width='100'/></a>]]>
            </line>
          </reporter-output>
        </test-method> <!-- afterMethod -->
        <test-method status="PASS" signature="beforeMethod(java.lang.reflect.Method)[pri:0, instance:com.uiFramework.companyName.projectName.testScripts.loginPage.LoginTestWithDataDrivenApproach@2b2948e2]" name="beforeMethod" is-config="true" duration-ms="0" started-at="2019-04-03T11:04:03Z" finished-at="2019-04-03T11:04:03Z">
          <params>
            <param index="0">
              <value>
                <![CDATA[public void com.uiFramework.companyName.projectName.testScripts.loginPage.LoginTestWithDataDrivenApproach.loginTest(java.lang.String,java.lang.String,java.lang.String)]]>
              </value>
            </param>
          </params>
          <reporter-output>
          </reporter-output>
        </test-method> <!-- beforeMethod -->
        <test-method status="PASS" signature="loginTest(java.lang.String, java.lang.String, java.lang.String)[pri:0, instance:com.uiFramework.companyName.projectName.testScripts.loginPage.LoginTestWithDataDrivenApproach@2b2948e2]" name="loginTest" duration-ms="8351" started-at="2019-04-03T11:04:03Z" data-provider="testData" finished-at="2019-04-03T11:04:11Z">
          <params>
            <param index="0">
              <value>
                <![CDATA[Prashant@mailinator.com]]>
              </value>
            </param>
            <param index="1">
              <value>
                <![CDATA[Prashant123]]>
              </value>
            </param>
            <param index="2">
              <value>
                <![CDATA[Y]]>
              </value>
            </param>
          </params>
          <reporter-output>
          </reporter-output>
        </test-method> <!-- loginTest -->
        <test-method status="PASS" signature="afterMethod(org.testng.ITestResult)[pri:0, instance:com.uiFramework.companyName.projectName.testScripts.loginPage.LoginTestWithDataDrivenApproach@2b2948e2]" name="afterMethod" is-config="true" duration-ms="180" started-at="2019-04-03T11:04:11Z" finished-at="2019-04-03T11:04:11Z">
          <params>
            <param index="0">
              <value>
                <![CDATA[[TestResult name=loginTest status=SUCCESS method=LoginTestWithDataDrivenApproach.loginTest(java.lang.String, java.lang.String, java.lang.String)[pri:0, instance:com.uiFramework.companyName.projectName.testScripts.loginPage.LoginTestWithDataDrivenApproach@2b2948e2] output={null}]]]>
              </value>
            </param>
          </params>
          <reporter-output>
            <line>
              <![CDATA[<a href='C:\ProgFiles\workspace\uiFramework\src\main\resources\screenShots\loginTest_03_04_2019_11_04_11.png'><img src='C:\ProgFiles\workspace\uiFramework\src\main\resources\screenShots\loginTest_03_04_2019_11_04_11.png'height='100'width='100'/></a>]]>
            </line>
          </reporter-output>
        </test-method> <!-- afterMethod -->
        <test-method status="PASS" signature="beforeMethod(java.lang.reflect.Method)[pri:0, instance:com.uiFramework.companyName.projectName.testScripts.loginPage.LoginTestWithDataDrivenApproach@2b2948e2]" name="beforeMethod" is-config="true" duration-ms="0" started-at="2019-04-03T11:04:11Z" finished-at="2019-04-03T11:04:11Z">
          <params>
            <param index="0">
              <value>
                <![CDATA[public void com.uiFramework.companyName.projectName.testScripts.loginPage.LoginTestWithDataDrivenApproach.loginTest(java.lang.String,java.lang.String,java.lang.String)]]>
              </value>
            </param>
          </params>
          <reporter-output>
          </reporter-output>
        </test-method> <!-- beforeMethod -->
        <test-method status="SKIP" signature="loginTest(java.lang.String, java.lang.String, java.lang.String)[pri:0, instance:com.uiFramework.companyName.projectName.testScripts.loginPage.LoginTestWithDataDrivenApproach@2b2948e2]" name="loginTest" duration-ms="0" started-at="2019-04-03T11:04:11Z" data-provider="testData" finished-at="2019-04-03T11:04:11Z">
          <params>
            <param index="0">
              <value>
                <![CDATA[Prashant@mailinator.com]]>
              </value>
            </param>
            <param index="1">
              <value>
                <![CDATA[Prashant123]]>
              </value>
            </param>
            <param index="2">
              <value>
                <![CDATA[N]]>
              </value>
            </param>
          </params>
          <exception class="org.testng.SkipException">
            <message>
              <![CDATA[Run mode for this set of data is marked N]]>
            </message>
            <full-stacktrace>
              <![CDATA[org.testng.SkipException: Run mode for this set of data is marked Nat com.uiFramework.companyName.projectName.testScripts.loginPage.LoginTestWithDataDrivenApproach.loginTest(LoginTestWithDataDrivenApproach.java:39)at sun.reflect.NativeMethodAccessorImpl.invoke0(Native Method)at sun.reflect.NativeMethodAccessorImpl.invoke(NativeMethodAccessorImpl.java:62)at sun.reflect.DelegatingMethodAccessorImpl.invoke(DelegatingMethodAccessorImpl.java:43)at java.lang.reflect.Method.invoke(Method.java:498)at org.testng.internal.MethodInvocationHelper.invokeMethod(MethodInvocationHelper.java:124)at org.testng.internal.Invoker.invokeMethod(Invoker.java:571)at org.testng.internal.Invoker.invokeTestMethod(Invoker.java:707)at org.testng.internal.Invoker.invokeTestMethods(Invoker.java:979)at org.testng.internal.TestMethodWorker.invokeTestMethods(TestMethodWorker.java:125)at org.testng.internal.TestMethodWorker.run(TestMethodWorker.java:109)at org.testng.TestRunner.privateRun(TestRunner.java:648)at org.testng.TestRunner.run(TestRunner.java:505)at org.testng.SuiteRunner.runTest(SuiteRunner.java:455)at org.testng.SuiteRunner.runSequentially(SuiteRunner.java:450)at org.testng.SuiteRunner.privateRun(SuiteRunner.java:415)at org.testng.SuiteRunner.run(SuiteRunner.java:364)at org.testng.SuiteRunnerWorker.runSuite(SuiteRunnerWorker.java:52)at org.testng.SuiteRunnerWorker.run(SuiteRunnerWorker.java:84)at org.testng.TestNG.runSuitesSequentially(TestNG.java:1187)at org.testng.TestNG.runSuitesLocally(TestNG.java:1116)at org.testng.TestNG.runSuites(TestNG.java:1028)at org.testng.TestNG.run(TestNG.java:996)at org.testng.remote.AbstractRemoteTestNG.run(AbstractRemoteTestNG.java:114)at org.testng.remote.RemoteTestNG.initAndRun(RemoteTestNG.java:251)at org.testng.remote.RemoteTestNG.main(RemoteTestNG.java:77)]]>
            </full-stacktrace>
          </exception> <!-- org.testng.SkipException -->
          <reporter-output>
          </reporter-output>
        </test-method> <!-- loginTest -->
        <test-method status="PASS" signature="afterMethod(org.testng.ITestResult)[pri:0, instance:com.uiFramework.companyName.projectName.testScripts.loginPage.LoginTestWithDataDrivenApproach@2b2948e2]" name="afterMethod" is-config="true" duration-ms="135" started-at="2019-04-03T11:04:11Z" finished-at="2019-04-03T11:04:11Z">
          <params>
            <param index="0">
              <value>
                <![CDATA[[TestResult name=loginTest status=SKIP method=LoginTestWithDataDrivenApproach.loginTest(java.lang.String, java.lang.String, java.lang.String)[pri:0, instance:com.uiFramework.companyName.projectName.testScripts.loginPage.LoginTestWithDataDrivenApproach@2b2948e2] output={null}]]]>
              </value>
            </param>
          </params>
          <reporter-output>
          </reporter-output>
        </test-method> <!-- afterMethod -->
        <test-method status="PASS" signature="afterTest()[pri:0, instance:com.uiFramework.companyName.projectName.testScripts.loginPage.LoginTestWithDataDrivenApproach@2b2948e2]" name="afterTest" is-config="true" duration-ms="2439" started-at="2019-04-03T11:04:11Z" finished-at="2019-04-03T11:04:14Z">
          <reporter-output>
          </reporter-output>
        </test-method> <!-- afterTest -->
      </class> <!-- com.uiFramework.companyName.projectName.testScripts.loginPage.LoginTestWithDataDrivenApproach -->
    </test> <!-- Default test -->
  </suite> <!-- Default suite -->
</testng-results>
